dve2lts-sym, 0.000: Exploration order is bfs-prev
dve2lts-sym, 0.000: Saturation strategy is none
dve2lts-sym, 0.000: Guided search strategy is unguided
dve2lts-sym, 0.000: Attractor strategy is default
dve2lts-sym, 0.000: Precompiled divine module initialized
dve2lts-sym, 0.000: opening /home/oortwijn/repos/sylvan-tacas2015/models/train-gate.6.dve
train-gate.6.dve.cpp: In function ‘int get_action(void*, int, const state_struct_t*, void (*)(void*, transition_info_t*, state_struct_t*, int*), void*)’:
train-gate.6.dve.cpp:173:19: error: request for member ‘var’ in ‘out->state_struct_t::e’, which is of non-class type ‘byte_t [8] {aka ubyte_t [8]}’
         ((*out).e.var = 1);
                   ^
train-gate.6.dve.cpp:174:31: error: request for member ‘var’ in ‘out->state_struct_t::e’, which is of non-class type ‘byte_t [8] {aka ubyte_t [8]}’
         cpy[((int*)&((*out).e.var) - (int*)&(*out))] = 0;
                               ^
train-gate.6.dve.cpp:193:19: error: request for member ‘var’ in ‘out->state_struct_t::e’, which is of non-class type ‘byte_t [8] {aka ubyte_t [8]}’
         ((*out).e.var = 2);
                   ^
train-gate.6.dve.cpp:194:31: error: request for member ‘var’ in ‘out->state_struct_t::e’, which is of non-class type ‘byte_t [8] {aka ubyte_t [8]}’
         cpy[((int*)&((*out).e.var) - (int*)&(*out))] = 0;
                               ^
train-gate.6.dve.cpp:213:19: error: request for member ‘var’ in ‘out->state_struct_t::e’, which is of non-class type ‘byte_t [8] {aka ubyte_t [8]}’
         ((*out).e.var = 3);
                   ^
train-gate.6.dve.cpp:214:31: error: request for member ‘var’ in ‘out->state_struct_t::e’, which is of non-class type ‘byte_t [8] {aka ubyte_t [8]}’
         cpy[((int*)&((*out).e.var) - (int*)&(*out))] = 0;
                               ^
train-gate.6.dve.cpp:233:19: error: request for member ‘var’ in ‘out->state_struct_t::e’, which is of non-class type ‘byte_t [8] {aka ubyte_t [8]}’
         ((*out).e.var = 4);
                   ^
train-gate.6.dve.cpp:234:31: error: request for member ‘var’ in ‘out->state_struct_t::e’, which is of non-class type ‘byte_t [8] {aka ubyte_t [8]}’
         cpy[((int*)&((*out).e.var) - (int*)&(*out))] = 0;
                               ^
train-gate.6.dve.cpp:253:19: error: request for member ‘var’ in ‘out->state_struct_t::e’, which is of non-class type ‘byte_t [8] {aka ubyte_t [8]}’
         ((*out).e.var = 5);
                   ^
train-gate.6.dve.cpp:254:31: error: request for member ‘var’ in ‘out->state_struct_t::e’, which is of non-class type ‘byte_t [8] {aka ubyte_t [8]}’
         cpy[((int*)&((*out).e.var) - (int*)&(*out))] = 0;
                               ^
train-gate.6.dve.cpp:273:19: error: request for member ‘var’ in ‘out->state_struct_t::e’, which is of non-class type ‘byte_t [8] {aka ubyte_t [8]}’
         ((*out).e.var = 6);
                   ^
train-gate.6.dve.cpp:274:31: error: request for member ‘var’ in ‘out->state_struct_t::e’, which is of non-class type ‘byte_t [8] {aka ubyte_t [8]}’
         cpy[((int*)&((*out).e.var) - (int*)&(*out))] = 0;
                               ^
train-gate.6.dve.cpp:293:19: error: request for member ‘var’ in ‘out->state_struct_t::e’, which is of non-class type ‘byte_t [8] {aka ubyte_t [8]}’
         ((*out).e.var = 7);
                   ^
train-gate.6.dve.cpp:294:31: error: request for member ‘var’ in ‘out->state_struct_t::e’, which is of non-class type ‘byte_t [8] {aka ubyte_t [8]}’
         cpy[((int*)&((*out).e.var) - (int*)&(*out))] = 0;
                               ^
train-gate.6.dve.cpp:313:19: error: request for member ‘var’ in ‘out->state_struct_t::e’, which is of non-class type ‘byte_t [8] {aka ubyte_t [8]}’
         ((*out).e.var = 1);
                   ^
train-gate.6.dve.cpp:314:31: error: request for member ‘var’ in ‘out->state_struct_t::e’, which is of non-class type ‘byte_t [8] {aka ubyte_t [8]}’
         cpy[((int*)&((*out).e.var) - (int*)&(*out))] = 0;
                               ^
train-gate.6.dve.cpp:333:19: error: request for member ‘var’ in ‘out->state_struct_t::e’, which is of non-class type ‘byte_t [8] {aka ubyte_t [8]}’
         ((*out).e.var = 2);
                   ^
train-gate.6.dve.cpp:334:31: error: request for member ‘var’ in ‘out->state_struct_t::e’, which is of non-class type ‘byte_t [8] {aka ubyte_t [8]}’
         cpy[((int*)&((*out).e.var) - (int*)&(*out))] = 0;
                               ^
train-gate.6.dve.cpp:353:19: error: request for member ‘var’ in ‘out->state_struct_t::e’, which is of non-class type ‘byte_t [8] {aka ubyte_t [8]}’
         ((*out).e.var = 3);
                   ^
train-gate.6.dve.cpp:354:31: error: request for member ‘var’ in ‘out->state_struct_t::e’, which is of non-class type ‘byte_t [8] {aka ubyte_t [8]}’
         cpy[((int*)&((*out).e.var) - (int*)&(*out))] = 0;
                               ^
train-gate.6.dve.cpp:373:19: error: request for member ‘var’ in ‘out->state_struct_t::e’, which is of non-class type ‘byte_t [8] {aka ubyte_t [8]}’
         ((*out).e.var = 4);
                   ^
train-gate.6.dve.cpp:374:31: error: request for member ‘var’ in ‘out->state_struct_t::e’, which is of non-class type ‘byte_t [8] {aka ubyte_t [8]}’
         cpy[((int*)&((*out).e.var) - (int*)&(*out))] = 0;
                               ^
train-gate.6.dve.cpp:393:19: error: request for member ‘var’ in ‘out->state_struct_t::e’, which is of non-class type ‘byte_t [8] {aka ubyte_t [8]}’
         ((*out).e.var = 5);
                   ^
train-gate.6.dve.cpp:394:31: error: request for member ‘var’ in ‘out->state_struct_t::e’, which is of non-class type ‘byte_t [8] {aka ubyte_t [8]}’
         cpy[((int*)&((*out).e.var) - (int*)&(*out))] = 0;
                               ^
train-gate.6.dve.cpp:413:19: error: request for member ‘var’ in ‘out->state_struct_t::e’, which is of non-class type ‘byte_t [8] {aka ubyte_t [8]}’
         ((*out).e.var = 6);
                   ^
train-gate.6.dve.cpp:414:31: error: request for member ‘var’ in ‘out->state_struct_t::e’, which is of non-class type ‘byte_t [8] {aka ubyte_t [8]}’
         cpy[((int*)&((*out).e.var) - (int*)&(*out))] = 0;
                               ^
train-gate.6.dve.cpp:433:19: error: request for member ‘var’ in ‘out->state_struct_t::e’, which is of non-class type ‘byte_t [8] {aka ubyte_t [8]}’
         ((*out).e.var = 7);
                   ^
train-gate.6.dve.cpp:434:31: error: request for member ‘var’ in ‘out->state_struct_t::e’, which is of non-class type ‘byte_t [8] {aka ubyte_t [8]}’
         cpy[((int*)&((*out).e.var) - (int*)&(*out))] = 0;
                               ^
train-gate.6.dve.cpp:453:19: error: request for member ‘var’ in ‘out->state_struct_t::e’, which is of non-class type ‘byte_t [8] {aka ubyte_t [8]}’
         ((*out).e.var = 1);
                   ^
train-gate.6.dve.cpp:454:31: error: request for member ‘var’ in ‘out->state_struct_t::e’, which is of non-class type ‘byte_t [8] {aka ubyte_t [8]}’
         cpy[((int*)&((*out).e.var) - (int*)&(*out))] = 0;
                               ^
train-gate.6.dve.cpp:473:19: error: request for member ‘var’ in ‘out->state_struct_t::e’, which is of non-class type ‘byte_t [8] {aka ubyte_t [8]}’
         ((*out).e.var = 2);
                   ^
train-gate.6.dve.cpp:474:31: error: request for member ‘var’ in ‘out->state_struct_t::e’, which is of non-class type ‘byte_t [8] {aka ubyte_t [8]}’
         cpy[((int*)&((*out).e.var) - (int*)&(*out))] = 0;
                               ^
train-gate.6.dve.cpp:493:19: error: request for member ‘var’ in ‘out->state_struct_t::e’, which is of non-class type ‘byte_t [8] {aka ubyte_t [8]}’
         ((*out).e.var = 3);
                   ^
train-gate.6.dve.cpp:494:31: error: request for member ‘var’ in ‘out->state_struct_t::e’, which is of non-class type ‘byte_t [8] {aka ubyte_t [8]}’
         cpy[((int*)&((*out).e.var) - (int*)&(*out))] = 0;
                               ^
train-gate.6.dve.cpp:513:19: error: request for member ‘var’ in ‘out->state_struct_t::e’, which is of non-class type ‘byte_t [8] {aka ubyte_t [8]}’
         ((*out).e.var = 4);
                   ^
train-gate.6.dve.cpp:514:31: error: request for member ‘var’ in ‘out->state_struct_t::e’, which is of non-class type ‘byte_t [8] {aka ubyte_t [8]}’
         cpy[((int*)&((*out).e.var) - (int*)&(*out))] = 0;
                               ^
train-gate.6.dve.cpp:533:19: error: request for member ‘var’ in ‘out->state_struct_t::e’, which is of non-class type ‘byte_t [8] {aka ubyte_t [8]}’
         ((*out).e.var = 5);
                   ^
train-gate.6.dve.cpp:534:31: error: request for member ‘var’ in ‘out->state_struct_t::e’, which is of non-class type ‘byte_t [8] {aka ubyte_t [8]}’
         cpy[((int*)&((*out).e.var) - (int*)&(*out))] = 0;
                               ^
train-gate.6.dve.cpp:553:19: error: request for member ‘var’ in ‘out->state_struct_t::e’, which is of non-class type ‘byte_t [8] {aka ubyte_t [8]}’
         ((*out).e.var = 6);
                   ^
train-gate.6.dve.cpp:554:31: error: request for member ‘var’ in ‘out->state_struct_t::e’, which is of non-class type ‘byte_t [8] {aka ubyte_t [8]}’
         cpy[((int*)&((*out).e.var) - (int*)&(*out))] = 0;
                               ^
train-gate.6.dve.cpp:573:19: error: request for member ‘var’ in ‘out->state_struct_t::e’, which is of non-class type ‘byte_t [8] {aka ubyte_t [8]}’
         ((*out).e.var = 7);
                   ^
train-gate.6.dve.cpp:574:31: error: request for member ‘var’ in ‘out->state_struct_t::e’, which is of non-class type ‘byte_t [8] {aka ubyte_t [8]}’
         cpy[((int*)&((*out).e.var) - (int*)&(*out))] = 0;
                               ^
train-gate.6.dve.cpp:619:71: error: request for member ‘var’ in ‘out->state_struct_t::e’, which is of non-class type ‘byte_t [8] {aka ubyte_t [8]}’
         ((*out).IntQueue.list[(*out).IntQueue.len.var].var = (*out).e.var);
                                                                       ^
train-gate.6.dve.cpp:637:71: error: request for member ‘var’ in ‘out->state_struct_t::e’, which is of non-class type ‘byte_t [8] {aka ubyte_t [8]}’
         ((*out).IntQueue.list[(*out).IntQueue.len.var].var = (*out).e.var);
                                                                       ^
train-gate.6.dve.cpp:655:19: error: request for member ‘var’ in ‘out->state_struct_t::e’, which is of non-class type ‘byte_t [8] {aka ubyte_t [8]}’
         ((*out).e.var = (*out).IntQueue.list[0].var);
                   ^
train-gate.6.dve.cpp:656:31: error: request for member ‘var’ in ‘out->state_struct_t::e’, which is of non-class type ‘byte_t [8] {aka ubyte_t [8]}’
         cpy[((int*)&((*out).e.var) - (int*)&(*out))] = 0;
                               ^
train-gate.6.dve.cpp: In function ‘int get_successor(void*, int, const state_struct_t*, void (*)(void*, transition_info_t*, state_struct_t*, int*), void*)’:
train-gate.6.dve.cpp:1487:66: error: request for member ‘var’ in ‘in->state_struct_t::e’, which is of non-class type ‘const byte_t [8] {aka const ubyte_t [8]}’
         if (  ( ((*in).Train_1.state.var == 1) )  &&  ( ((*in).e.var == 1) )  &&  ( ((*in).Gate.state.var == 8) ) )
                                                                  ^
train-gate.6.dve.cpp:1503:87: error: request for member ‘var’ in ‘in->state_struct_t::e’, which is of non-class type ‘const byte_t [8] {aka const ubyte_t [8]}’
         if (  ( ((*in).Train_1.state.var == 3) )  &&  ( ((*in).x.var <= 10 && (*in).e.var == 1) )  &&  ( ((*in).Gate.state.var == 5) ) )
                                                                                       ^
train-gate.6.dve.cpp:1519:66: error: request for member ‘var’ in ‘in->state_struct_t::e’, which is of non-class type ‘const byte_t [8] {aka const ubyte_t [8]}’
         if (  ( ((*in).Train_2.state.var == 1) )  &&  ( ((*in).e.var == 2) )  &&  ( ((*in).Gate.state.var == 8) ) )
                                                                  ^
train-gate.6.dve.cpp:1535:87: error: request for member ‘var’ in ‘in->state_struct_t::e’, which is of non-class type ‘const byte_t [8] {aka const ubyte_t [8]}’
         if (  ( ((*in).Train_2.state.var == 3) )  &&  ( ((*in).x.var <= 10 && (*in).e.var == 2) )  &&  ( ((*in).Gate.state.var == 5) ) )
                                                                                       ^
train-gate.6.dve.cpp:1551:66: error: request for member ‘var’ in ‘in->state_struct_t::e’, which is of non-class type ‘const byte_t [8] {aka const ubyte_t [8]}’
         if (  ( ((*in).Train_3.state.var == 1) )  &&  ( ((*in).e.var == 3) )  &&  ( ((*in).Gate.state.var == 8) ) )
                                                                  ^
train-gate.6.dve.cpp:1567:87: error: request for member ‘var’ in ‘in->state_struct_t::e’, which is of non-class type ‘const byte_t [8] {aka const ubyte_t [8]}’
         if (  ( ((*in).Train_3.state.var == 3) )  &&  ( ((*in).x.var <= 10 && (*in).e.var == 3) )  &&  ( ((*in).Gate.state.var == 5) ) )
                                                                                       ^
train-gate.6.dve.cpp:1583:66: error: request for member ‘var’ in ‘in->state_struct_t::e’, which is of non-class type ‘const byte_t [8] {aka const ubyte_t [8]}’
         if (  ( ((*in).Train_4.state.var == 1) )  &&  ( ((*in).e.var == 4) )  &&  ( ((*in).Gate.state.var == 8) ) )
                                                                  ^
train-gate.6.dve.cpp:1599:87: error: request for member ‘var’ in ‘in->state_struct_t::e’, which is of non-class type ‘const byte_t [8] {aka const ubyte_t [8]}’
         if (  ( ((*in).Train_4.state.var == 3) )  &&  ( ((*in).x.var <= 10 && (*in).e.var == 4) )  &&  ( ((*in).Gate.state.var == 5) ) )
                                                                                       ^
train-gate.6.dve.cpp:1615:66: error: request for member ‘var’ in ‘in->state_struct_t::e’, which is of non-class type ‘const byte_t [8] {aka const ubyte_t [8]}’
         if (  ( ((*in).Train_5.state.var == 1) )  &&  ( ((*in).e.var == 5) )  &&  ( ((*in).Gate.state.var == 8) ) )
                                                                  ^
train-gate.6.dve.cpp:1631:87: error: request for member ‘var’ in ‘in->state_struct_t::e’, which is of non-class type ‘const byte_t [8] {aka const ubyte_t [8]}’
         if (  ( ((*in).Train_5.state.var == 3) )  &&  ( ((*in).x.var <= 10 && (*in).e.var == 5) )  &&  ( ((*in).Gate.state.var == 5) ) )
                                                                                       ^
train-gate.6.dve.cpp:1647:66: error: request for member ‘var’ in ‘in->state_struct_t::e’, which is of non-class type ‘const byte_t [8] {aka const ubyte_t [8]}’
         if (  ( ((*in).Train_6.state.var == 1) )  &&  ( ((*in).e.var == 6) )  &&  ( ((*in).Gate.state.var == 8) ) )
                                                                  ^
train-gate.6.dve.cpp:1663:87: error: request for member ‘var’ in ‘in->state_struct_t::e’, which is of non-class type ‘const byte_t [8] {aka const ubyte_t [8]}’
         if (  ( ((*in).Train_6.state.var == 3) )  &&  ( ((*in).x.var <= 10 && (*in).e.var == 6) )  &&  ( ((*in).Gate.state.var == 5) ) )
                                                                                       ^
train-gate.6.dve.cpp:1679:66: error: request for member ‘var’ in ‘in->state_struct_t::e’, which is of non-class type ‘const byte_t [8] {aka const ubyte_t [8]}’
         if (  ( ((*in).Train_7.state.var == 1) )  &&  ( ((*in).e.var == 7) )  &&  ( ((*in).Gate.state.var == 8) ) )
                                                                  ^
train-gate.6.dve.cpp:1695:87: error: request for member ‘var’ in ‘in->state_struct_t::e’, which is of non-class type ‘const byte_t [8] {aka const ubyte_t [8]}’
         if (  ( ((*in).Train_7.state.var == 3) )  &&  ( ((*in).x.var <= 10 && (*in).e.var == 7) )  &&  ( ((*in).Gate.state.var == 5) ) )
                                                                                       ^
train-gate.6.dve.cpp: In function ‘int get_successors(void*, const state_struct_t*, void (*)(void*, transition_info_t*, state_struct_t*, int*), void*)’:
train-gate.6.dve.cpp:1848:27: error: request for member ‘var’ in ‘out->state_struct_t::e’, which is of non-class type ‘byte_t [8] {aka ubyte_t [8]}’
                 ((*out).e.var = 1);
                           ^
train-gate.6.dve.cpp:1849:39: error: request for member ‘var’ in ‘out->state_struct_t::e’, which is of non-class type ‘byte_t [8] {aka ubyte_t [8]}’
                 cpy[((int*)&((*out).e.var) - (int*)&(*out))] = 0;
                                       ^
train-gate.6.dve.cpp:1873:27: error: request for member ‘var’ in ‘out->state_struct_t::e’, which is of non-class type ‘byte_t [8] {aka ubyte_t [8]}’
                 ((*out).e.var = 2);
                           ^
train-gate.6.dve.cpp:1874:39: error: request for member ‘var’ in ‘out->state_struct_t::e’, which is of non-class type ‘byte_t [8] {aka ubyte_t [8]}’
                 cpy[((int*)&((*out).e.var) - (int*)&(*out))] = 0;
                                       ^
train-gate.6.dve.cpp:1898:27: error: request for member ‘var’ in ‘out->state_struct_t::e’, which is of non-class type ‘byte_t [8] {aka ubyte_t [8]}’
                 ((*out).e.var = 3);
                           ^
train-gate.6.dve.cpp:1899:39: error: request for member ‘var’ in ‘out->state_struct_t::e’, which is of non-class type ‘byte_t [8] {aka ubyte_t [8]}’
                 cpy[((int*)&((*out).e.var) - (int*)&(*out))] = 0;
                                       ^
train-gate.6.dve.cpp:1923:27: error: request for member ‘var’ in ‘out->state_struct_t::e’, which is of non-class type ‘byte_t [8] {aka ubyte_t [8]}’
                 ((*out).e.var = 4);
                           ^
train-gate.6.dve.cpp:1924:39: error: request for member ‘var’ in ‘out->state_struct_t::e’, which is of non-class type ‘byte_t [8] {aka ubyte_t [8]}’
                 cpy[((int*)&((*out).e.var) - (int*)&(*out))] = 0;
                                       ^
train-gate.6.dve.cpp:1948:27: error: request for member ‘var’ in ‘out->state_struct_t::e’, which is of non-class type ‘byte_t [8] {aka ubyte_t [8]}’
                 ((*out).e.var = 5);
                           ^
train-gate.6.dve.cpp:1949:39: error: request for member ‘var’ in ‘out->state_struct_t::e’, which is of non-class type ‘byte_t [8] {aka ubyte_t [8]}’
                 cpy[((int*)&((*out).e.var) - (int*)&(*out))] = 0;
                                       ^
train-gate.6.dve.cpp:1973:27: error: request for member ‘var’ in ‘out->state_struct_t::e’, which is of non-class type ‘byte_t [8] {aka ubyte_t [8]}’
                 ((*out).e.var = 6);
                           ^
train-gate.6.dve.cpp:1974:39: error: request for member ‘var’ in ‘out->state_struct_t::e’, which is of non-class type ‘byte_t [8] {aka ubyte_t [8]}’
                 cpy[((int*)&((*out).e.var) - (int*)&(*out))] = 0;
                                       ^
train-gate.6.dve.cpp:1998:27: error: request for member ‘var’ in ‘out->state_struct_t::e’, which is of non-class type ‘byte_t [8] {aka ubyte_t [8]}’
                 ((*out).e.var = 7);
                           ^
train-gate.6.dve.cpp:1999:39: error: request for member ‘var’ in ‘out->state_struct_t::e’, which is of non-class type ‘byte_t [8] {aka ubyte_t [8]}’
                 cpy[((int*)&((*out).e.var) - (int*)&(*out))] = 0;
                                       ^
train-gate.6.dve.cpp:2026:27: error: request for member ‘var’ in ‘out->state_struct_t::e’, which is of non-class type ‘byte_t [8] {aka ubyte_t [8]}’
                 ((*out).e.var = 1);
                           ^
train-gate.6.dve.cpp:2027:39: error: request for member ‘var’ in ‘out->state_struct_t::e’, which is of non-class type ‘byte_t [8] {aka ubyte_t [8]}’
                 cpy[((int*)&((*out).e.var) - (int*)&(*out))] = 0;
                                       ^
train-gate.6.dve.cpp:2051:27: error: request for member ‘var’ in ‘out->state_struct_t::e’, which is of non-class type ‘byte_t [8] {aka ubyte_t [8]}’
                 ((*out).e.var = 2);
                           ^
train-gate.6.dve.cpp:2052:39: error: request for member ‘var’ in ‘out->state_struct_t::e’, which is of non-class type ‘byte_t [8] {aka ubyte_t [8]}’
                 cpy[((int*)&((*out).e.var) - (int*)&(*out))] = 0;
                                       ^
train-gate.6.dve.cpp:2076:27: error: request for member ‘var’ in ‘out->state_struct_t::e’, which is of non-class type ‘byte_t [8] {aka ubyte_t [8]}’
                 ((*out).e.var = 3);
                           ^
train-gate.6.dve.cpp:2077:39: error: request for member ‘var’ in ‘out->state_struct_t::e’, which is of non-class type ‘byte_t [8] {aka ubyte_t [8]}’
                 cpy[((int*)&((*out).e.var) - (int*)&(*out))] = 0;
                                       ^
train-gate.6.dve.cpp:2101:27: error: request for member ‘var’ in ‘out->state_struct_t::e’, which is of non-class type ‘byte_t [8] {aka ubyte_t [8]}’
                 ((*out).e.var = 4);
                           ^
train-gate.6.dve.cpp:2102:39: error: request for member ‘var’ in ‘out->state_struct_t::e’, which is of non-class type ‘byte_t [8] {aka ubyte_t [8]}’
                 cpy[((int*)&((*out).e.var) - (int*)&(*out))] = 0;
                                       ^
train-gate.6.dve.cpp:2126:27: error: request for member ‘var’ in ‘out->state_struct_t::e’, which is of non-class type ‘byte_t [8] {aka ubyte_t [8]}’
                 ((*out).e.var = 5);
                           ^
train-gate.6.dve.cpp:2127:39: error: request for member ‘var’ in ‘out->state_struct_t::e’, which is of non-class type ‘byte_t [8] {aka ubyte_t [8]}’
                 cpy[((int*)&((*out).e.var) - (int*)&(*out))] = 0;
                                       ^
train-gate.6.dve.cpp:2151:27: error: request for member ‘var’ in ‘out->state_struct_t::e’, which is of non-class type ‘byte_t [8] {aka ubyte_t [8]}’
                 ((*out).e.var = 6);
                           ^
train-gate.6.dve.cpp:2152:39: error: request for member ‘var’ in ‘out->state_struct_t::e’, which is of non-class type ‘byte_t [8] {aka ubyte_t [8]}’
                 cpy[((int*)&((*out).e.var) - (int*)&(*out))] = 0;
                                       ^
train-gate.6.dve.cpp:2176:27: error: request for member ‘var’ in ‘out->state_struct_t::e’, which is of non-class type ‘byte_t [8] {aka ubyte_t [8]}’
                 ((*out).e.var = 7);
                           ^
train-gate.6.dve.cpp:2177:39: error: request for member ‘var’ in ‘out->state_struct_t::e’, which is of non-class type ‘byte_t [8] {aka ubyte_t [8]}’
                 cpy[((int*)&((*out).e.var) - (int*)&(*out))] = 0;
                                       ^
train-gate.6.dve.cpp:2201:27: error: request for member ‘var’ in ‘out->state_struct_t::e’, which is of non-class type ‘byte_t [8] {aka ubyte_t [8]}’
                 ((*out).e.var = 1);
                           ^
train-gate.6.dve.cpp:2202:39: error: request for member ‘var’ in ‘out->state_struct_t::e’, which is of non-class type ‘byte_t [8] {aka ubyte_t [8]}’
                 cpy[((int*)&((*out).e.var) - (int*)&(*out))] = 0;
                                       ^
train-gate.6.dve.cpp:2226:27: error: request for member ‘var’ in ‘out->state_struct_t::e’, which is of non-class type ‘byte_t [8] {aka ubyte_t [8]}’
                 ((*out).e.var = 2);
                           ^
train-gate.6.dve.cpp:2227:39: error: request for member ‘var’ in ‘out->state_struct_t::e’, which is of non-class type ‘byte_t [8] {aka ubyte_t [8]}’
                 cpy[((int*)&((*out).e.var) - (int*)&(*out))] = 0;
                                       ^
train-gate.6.dve.cpp:2251:27: error: request for member ‘var’ in ‘out->state_struct_t::e’, which is of non-class type ‘byte_t [8] {aka ubyte_t [8]}’
                 ((*out).e.var = 3);
                           ^
train-gate.6.dve.cpp:2252:39: error: request for member ‘var’ in ‘out->state_struct_t::e’, which is of non-class type ‘byte_t [8] {aka ubyte_t [8]}’
                 cpy[((int*)&((*out).e.var) - (int*)&(*out))] = 0;
                                       ^
train-gate.6.dve.cpp:2276:27: error: request for member ‘var’ in ‘out->state_struct_t::e’, which is of non-class type ‘byte_t [8] {aka ubyte_t [8]}’
                 ((*out).e.var = 4);
                           ^
train-gate.6.dve.cpp:2277:39: error: request for member ‘var’ in ‘out->state_struct_t::e’, which is of non-class type ‘byte_t [8] {aka ubyte_t [8]}’
                 cpy[((int*)&((*out).e.var) - (int*)&(*out))] = 0;
                                       ^
train-gate.6.dve.cpp:2301:27: error: request for member ‘var’ in ‘out->state_struct_t::e’, which is of non-class type ‘byte_t [8] {aka ubyte_t [8]}’
                 ((*out).e.var = 5);
                           ^
train-gate.6.dve.cpp:2302:39: error: request for member ‘var’ in ‘out->state_struct_t::e’, which is of non-class type ‘byte_t [8] {aka ubyte_t [8]}’
                 cpy[((int*)&((*out).e.var) - (int*)&(*out))] = 0;
                                       ^
train-gate.6.dve.cpp:2326:27: error: request for member ‘var’ in ‘out->state_struct_t::e’, which is of non-class type ‘byte_t [8] {aka ubyte_t [8]}’
                 ((*out).e.var = 6);
                           ^
train-gate.6.dve.cpp:2327:39: error: request for member ‘var’ in ‘out->state_struct_t::e’, which is of non-class type ‘byte_t [8] {aka ubyte_t [8]}’
                 cpy[((int*)&((*out).e.var) - (int*)&(*out))] = 0;
                                       ^
train-gate.6.dve.cpp:2351:27: error: request for member ‘var’ in ‘out->state_struct_t::e’, which is of non-class type ‘byte_t [8] {aka ubyte_t [8]}’
                 ((*out).e.var = 7);
                           ^
train-gate.6.dve.cpp:2352:39: error: request for member ‘var’ in ‘out->state_struct_t::e’, which is of non-class type ‘byte_t [8] {aka ubyte_t [8]}’
                 cpy[((int*)&((*out).e.var) - (int*)&(*out))] = 0;
                                       ^
train-gate.6.dve.cpp:2418:79: error: request for member ‘var’ in ‘out->state_struct_t::e’, which is of non-class type ‘byte_t [8] {aka ubyte_t [8]}’
                 ((*out).IntQueue.list[(*out).IntQueue.len.var].var = (*out).e.var);
                                                                               ^
train-gate.6.dve.cpp:2441:79: error: request for member ‘var’ in ‘out->state_struct_t::e’, which is of non-class type ‘byte_t [8] {aka ubyte_t [8]}’
                 ((*out).IntQueue.list[(*out).IntQueue.len.var].var = (*out).e.var);
                                                                               ^
train-gate.6.dve.cpp:2464:27: error: request for member ‘var’ in ‘out->state_struct_t::e’, which is of non-class type ‘byte_t [8] {aka ubyte_t [8]}’
                 ((*out).e.var = (*out).IntQueue.list[0].var);
                           ^
train-gate.6.dve.cpp:2465:39: error: request for member ‘var’ in ‘out->state_struct_t::e’, which is of non-class type ‘byte_t [8] {aka ubyte_t [8]}’
                 cpy[((int*)&((*out).e.var) - (int*)&(*out))] = 0;
                                       ^
train-gate.6.dve.cpp:2527:30: error: request for member ‘var’ in ‘in->state_struct_t::e’, which is of non-class type ‘const byte_t [8] {aka const ubyte_t [8]}’
             if (  ( ((*in).e.var == 1) )  &&  ( ((*in).Gate.state.var == 8) ) )
                              ^
train-gate.6.dve.cpp:2574:51: error: request for member ‘var’ in ‘in->state_struct_t::e’, which is of non-class type ‘const byte_t [8] {aka const ubyte_t [8]}’
             if (  ( ((*in).x.var <= 10 && (*in).e.var == 1) )  &&  ( ((*in).Gate.state.var == 5) ) )
                                                   ^
train-gate.6.dve.cpp:2624:30: error: request for member ‘var’ in ‘in->state_struct_t::e’, which is of non-class type ‘const byte_t [8] {aka const ubyte_t [8]}’
             if (  ( ((*in).e.var == 2) )  &&  ( ((*in).Gate.state.var == 8) ) )
                              ^
train-gate.6.dve.cpp:2671:51: error: request for member ‘var’ in ‘in->state_struct_t::e’, which is of non-class type ‘const byte_t [8] {aka const ubyte_t [8]}’
             if (  ( ((*in).x.var <= 10 && (*in).e.var == 2) )  &&  ( ((*in).Gate.state.var == 5) ) )
                                                   ^
train-gate.6.dve.cpp:2721:30: error: request for member ‘var’ in ‘in->state_struct_t::e’, which is of non-class type ‘const byte_t [8] {aka const ubyte_t [8]}’
             if (  ( ((*in).e.var == 3) )  &&  ( ((*in).Gate.state.var == 8) ) )
                              ^
train-gate.6.dve.cpp:2768:51: error: request for member ‘var’ in ‘in->state_struct_t::e’, which is of non-class type ‘const byte_t [8] {aka const ubyte_t [8]}’
             if (  ( ((*in).x.var <= 10 && (*in).e.var == 3) )  &&  ( ((*in).Gate.state.var == 5) ) )
                                                   ^
train-gate.6.dve.cpp:2818:30: error: request for member ‘var’ in ‘in->state_struct_t::e’, which is of non-class type ‘const byte_t [8] {aka const ubyte_t [8]}’
             if (  ( ((*in).e.var == 4) )  &&  ( ((*in).Gate.state.var == 8) ) )
                              ^
train-gate.6.dve.cpp:2865:51: error: request for member ‘var’ in ‘in->state_struct_t::e’, which is of non-class type ‘const byte_t [8] {aka const ubyte_t [8]}’
             if (  ( ((*in).x.var <= 10 && (*in).e.var == 4) )  &&  ( ((*in).Gate.state.var == 5) ) )
                                                   ^
train-gate.6.dve.cpp:2915:30: error: request for member ‘var’ in ‘in->state_struct_t::e’, which is of non-class type ‘const byte_t [8] {aka const ubyte_t [8]}’
             if (  ( ((*in).e.var == 5) )  &&  ( ((*in).Gate.state.var == 8) ) )
                              ^
train-gate.6.dve.cpp:2962:51: error: request for member ‘var’ in ‘in->state_struct_t::e’, which is of non-class type ‘const byte_t [8] {aka const ubyte_t [8]}’
             if (  ( ((*in).x.var <= 10 && (*in).e.var == 5) )  &&  ( ((*in).Gate.state.var == 5) ) )
                                                   ^
train-gate.6.dve.cpp:3012:30: error: request for member ‘var’ in ‘in->state_struct_t::e’, which is of non-class type ‘const byte_t [8] {aka const ubyte_t [8]}’
             if (  ( ((*in).e.var == 6) )  &&  ( ((*in).Gate.state.var == 8) ) )
                              ^
train-gate.6.dve.cpp:3059:51: error: request for member ‘var’ in ‘in->state_struct_t::e’, which is of non-class type ‘const byte_t [8] {aka const ubyte_t [8]}’
             if (  ( ((*in).x.var <= 10 && (*in).e.var == 6) )  &&  ( ((*in).Gate.state.var == 5) ) )
                                                   ^
train-gate.6.dve.cpp:3109:30: error: request for member ‘var’ in ‘in->state_struct_t::e’, which is of non-class type ‘const byte_t [8] {aka const ubyte_t [8]}’
             if (  ( ((*in).e.var == 7) )  &&  ( ((*in).Gate.state.var == 8) ) )
                              ^
train-gate.6.dve.cpp:3156:51: error: request for member ‘var’ in ‘in->state_struct_t::e’, which is of non-class type ‘const byte_t [8] {aka const ubyte_t [8]}’
             if (  ( ((*in).x.var <= 10 && (*in).e.var == 7) )  &&  ( ((*in).Gate.state.var == 5) ) )
                                                   ^
train-gate.6.dve.cpp: In function ‘int get_guard(void*, int, state_struct_t*)’:
train-gate.6.dve.cpp:3823:40: error: request for member ‘var’ in ‘src->state_struct_t::e’, which is of non-class type ‘byte_t [8] {aka ubyte_t [8]}’
             case 38: return (((*src).e.var == 1));
                                        ^
train-gate.6.dve.cpp:3832:40: error: request for member ‘var’ in ‘src->state_struct_t::e’, which is of non-class type ‘byte_t [8] {aka ubyte_t [8]}’
             case 47: return (((*src).e.var == 2));
                                        ^
train-gate.6.dve.cpp:3836:40: error: request for member ‘var’ in ‘src->state_struct_t::e’, which is of non-class type ‘byte_t [8] {aka ubyte_t [8]}’
             case 51: return (((*src).e.var == 3));
                                        ^
train-gate.6.dve.cpp:3840:40: error: request for member ‘var’ in ‘src->state_struct_t::e’, which is of non-class type ‘byte_t [8] {aka ubyte_t [8]}’
             case 55: return (((*src).e.var == 4));
                                        ^
train-gate.6.dve.cpp:3844:40: error: request for member ‘var’ in ‘src->state_struct_t::e’, which is of non-class type ‘byte_t [8] {aka ubyte_t [8]}’
             case 59: return (((*src).e.var == 5));
                                        ^
train-gate.6.dve.cpp:3848:40: error: request for member ‘var’ in ‘src->state_struct_t::e’, which is of non-class type ‘byte_t [8] {aka ubyte_t [8]}’
             case 63: return (((*src).e.var == 6));
                                        ^
train-gate.6.dve.cpp:3852:40: error: request for member ‘var’ in ‘src->state_struct_t::e’, which is of non-class type ‘byte_t [8] {aka ubyte_t [8]}’
             case 67: return (((*src).e.var == 7));
                                        ^
Error running external command: g++ -O2 -shared -fPIC  -o train-gate.6.dve2C train-gate.6.dve.cpp
dve2lts-sym, 0.227, file ../pins-lib/dve-pins.c, line 200: assertion "ret == 0" failed: Command failed with exit code 256: divine compile --ltsmin '/home/oortwijn/repos/sylvan-tacas2015/models/train-gate.6.dve'
Please install the patched DiVinE 2.4 version from the LTSmin website:
http://fmt.cs.utwente.nl/tools/ltsmin/#divine
