dve2lts-sym, 0.000: Exploration order is bfs-prev
dve2lts-sym, 0.000: Saturation strategy is none
dve2lts-sym, 0.000: Guided search strategy is unguided
dve2lts-sym, 0.000: Attractor strategy is default
dve2lts-sym, 0.000: Precompiled divine module initialized
dve2lts-sym, 0.000: opening /home/oortwijn/repos/sylvan-tacas2015/models/train-gate.2.dve
train-gate.2.dve.cpp: In function ‘int get_action(void*, int, const state_struct_t*, void (*)(void*, transition_info_t*, state_struct_t*, int*), void*)’:
train-gate.2.dve.cpp:155:19: error: request for member ‘var’ in ‘out->state_struct_t::e’, which is of non-class type ‘byte_t [5] {aka ubyte_t [5]}’
         ((*out).e.var = 1);
                   ^
train-gate.2.dve.cpp:156:31: error: request for member ‘var’ in ‘out->state_struct_t::e’, which is of non-class type ‘byte_t [5] {aka ubyte_t [5]}’
         cpy[((int*)&((*out).e.var) - (int*)&(*out))] = 0;
                               ^
train-gate.2.dve.cpp:175:19: error: request for member ‘var’ in ‘out->state_struct_t::e’, which is of non-class type ‘byte_t [5] {aka ubyte_t [5]}’
         ((*out).e.var = 2);
                   ^
train-gate.2.dve.cpp:176:31: error: request for member ‘var’ in ‘out->state_struct_t::e’, which is of non-class type ‘byte_t [5] {aka ubyte_t [5]}’
         cpy[((int*)&((*out).e.var) - (int*)&(*out))] = 0;
                               ^
train-gate.2.dve.cpp:195:19: error: request for member ‘var’ in ‘out->state_struct_t::e’, which is of non-class type ‘byte_t [5] {aka ubyte_t [5]}’
         ((*out).e.var = 3);
                   ^
train-gate.2.dve.cpp:196:31: error: request for member ‘var’ in ‘out->state_struct_t::e’, which is of non-class type ‘byte_t [5] {aka ubyte_t [5]}’
         cpy[((int*)&((*out).e.var) - (int*)&(*out))] = 0;
                               ^
train-gate.2.dve.cpp:215:19: error: request for member ‘var’ in ‘out->state_struct_t::e’, which is of non-class type ‘byte_t [5] {aka ubyte_t [5]}’
         ((*out).e.var = 4);
                   ^
train-gate.2.dve.cpp:216:31: error: request for member ‘var’ in ‘out->state_struct_t::e’, which is of non-class type ‘byte_t [5] {aka ubyte_t [5]}’
         cpy[((int*)&((*out).e.var) - (int*)&(*out))] = 0;
                               ^
train-gate.2.dve.cpp:235:19: error: request for member ‘var’ in ‘out->state_struct_t::e’, which is of non-class type ‘byte_t [5] {aka ubyte_t [5]}’
         ((*out).e.var = 1);
                   ^
train-gate.2.dve.cpp:236:31: error: request for member ‘var’ in ‘out->state_struct_t::e’, which is of non-class type ‘byte_t [5] {aka ubyte_t [5]}’
         cpy[((int*)&((*out).e.var) - (int*)&(*out))] = 0;
                               ^
train-gate.2.dve.cpp:255:19: error: request for member ‘var’ in ‘out->state_struct_t::e’, which is of non-class type ‘byte_t [5] {aka ubyte_t [5]}’
         ((*out).e.var = 2);
                   ^
train-gate.2.dve.cpp:256:31: error: request for member ‘var’ in ‘out->state_struct_t::e’, which is of non-class type ‘byte_t [5] {aka ubyte_t [5]}’
         cpy[((int*)&((*out).e.var) - (int*)&(*out))] = 0;
                               ^
train-gate.2.dve.cpp:275:19: error: request for member ‘var’ in ‘out->state_struct_t::e’, which is of non-class type ‘byte_t [5] {aka ubyte_t [5]}’
         ((*out).e.var = 3);
                   ^
train-gate.2.dve.cpp:276:31: error: request for member ‘var’ in ‘out->state_struct_t::e’, which is of non-class type ‘byte_t [5] {aka ubyte_t [5]}’
         cpy[((int*)&((*out).e.var) - (int*)&(*out))] = 0;
                               ^
train-gate.2.dve.cpp:295:19: error: request for member ‘var’ in ‘out->state_struct_t::e’, which is of non-class type ‘byte_t [5] {aka ubyte_t [5]}’
         ((*out).e.var = 4);
                   ^
train-gate.2.dve.cpp:296:31: error: request for member ‘var’ in ‘out->state_struct_t::e’, which is of non-class type ‘byte_t [5] {aka ubyte_t [5]}’
         cpy[((int*)&((*out).e.var) - (int*)&(*out))] = 0;
                               ^
train-gate.2.dve.cpp:315:19: error: request for member ‘var’ in ‘out->state_struct_t::e’, which is of non-class type ‘byte_t [5] {aka ubyte_t [5]}’
         ((*out).e.var = 1);
                   ^
train-gate.2.dve.cpp:316:31: error: request for member ‘var’ in ‘out->state_struct_t::e’, which is of non-class type ‘byte_t [5] {aka ubyte_t [5]}’
         cpy[((int*)&((*out).e.var) - (int*)&(*out))] = 0;
                               ^
train-gate.2.dve.cpp:335:19: error: request for member ‘var’ in ‘out->state_struct_t::e’, which is of non-class type ‘byte_t [5] {aka ubyte_t [5]}’
         ((*out).e.var = 2);
                   ^
train-gate.2.dve.cpp:336:31: error: request for member ‘var’ in ‘out->state_struct_t::e’, which is of non-class type ‘byte_t [5] {aka ubyte_t [5]}’
         cpy[((int*)&((*out).e.var) - (int*)&(*out))] = 0;
                               ^
train-gate.2.dve.cpp:355:19: error: request for member ‘var’ in ‘out->state_struct_t::e’, which is of non-class type ‘byte_t [5] {aka ubyte_t [5]}’
         ((*out).e.var = 3);
                   ^
train-gate.2.dve.cpp:356:31: error: request for member ‘var’ in ‘out->state_struct_t::e’, which is of non-class type ‘byte_t [5] {aka ubyte_t [5]}’
         cpy[((int*)&((*out).e.var) - (int*)&(*out))] = 0;
                               ^
train-gate.2.dve.cpp:375:19: error: request for member ‘var’ in ‘out->state_struct_t::e’, which is of non-class type ‘byte_t [5] {aka ubyte_t [5]}’
         ((*out).e.var = 4);
                   ^
train-gate.2.dve.cpp:376:31: error: request for member ‘var’ in ‘out->state_struct_t::e’, which is of non-class type ‘byte_t [5] {aka ubyte_t [5]}’
         cpy[((int*)&((*out).e.var) - (int*)&(*out))] = 0;
                               ^
train-gate.2.dve.cpp:421:71: error: request for member ‘var’ in ‘out->state_struct_t::e’, which is of non-class type ‘byte_t [5] {aka ubyte_t [5]}’
         ((*out).IntQueue.list[(*out).IntQueue.len.var].var = (*out).e.var);
                                                                       ^
train-gate.2.dve.cpp:439:71: error: request for member ‘var’ in ‘out->state_struct_t::e’, which is of non-class type ‘byte_t [5] {aka ubyte_t [5]}’
         ((*out).IntQueue.list[(*out).IntQueue.len.var].var = (*out).e.var);
                                                                       ^
train-gate.2.dve.cpp:457:19: error: request for member ‘var’ in ‘out->state_struct_t::e’, which is of non-class type ‘byte_t [5] {aka ubyte_t [5]}’
         ((*out).e.var = (*out).IntQueue.list[0].var);
                   ^
train-gate.2.dve.cpp:458:31: error: request for member ‘var’ in ‘out->state_struct_t::e’, which is of non-class type ‘byte_t [5] {aka ubyte_t [5]}’
         cpy[((int*)&((*out).e.var) - (int*)&(*out))] = 0;
                               ^
train-gate.2.dve.cpp: In function ‘int get_successor(void*, int, const state_struct_t*, void (*)(void*, transition_info_t*, state_struct_t*, int*), void*)’:
train-gate.2.dve.cpp:992:66: error: request for member ‘var’ in ‘in->state_struct_t::e’, which is of non-class type ‘const byte_t [5] {aka const ubyte_t [5]}’
         if (  ( ((*in).Train_1.state.var == 1) )  &&  ( ((*in).e.var == 1) )  &&  ( ((*in).Gate.state.var == 8) ) )
                                                                  ^
train-gate.2.dve.cpp:1008:87: error: request for member ‘var’ in ‘in->state_struct_t::e’, which is of non-class type ‘const byte_t [5] {aka const ubyte_t [5]}’
         if (  ( ((*in).Train_1.state.var == 3) )  &&  ( ((*in).x.var <= 10 && (*in).e.var == 1) )  &&  ( ((*in).Gate.state.var == 5) ) )
                                                                                       ^
train-gate.2.dve.cpp:1024:66: error: request for member ‘var’ in ‘in->state_struct_t::e’, which is of non-class type ‘const byte_t [5] {aka const ubyte_t [5]}’
         if (  ( ((*in).Train_2.state.var == 1) )  &&  ( ((*in).e.var == 2) )  &&  ( ((*in).Gate.state.var == 8) ) )
                                                                  ^
train-gate.2.dve.cpp:1040:87: error: request for member ‘var’ in ‘in->state_struct_t::e’, which is of non-class type ‘const byte_t [5] {aka const ubyte_t [5]}’
         if (  ( ((*in).Train_2.state.var == 3) )  &&  ( ((*in).x.var <= 10 && (*in).e.var == 2) )  &&  ( ((*in).Gate.state.var == 5) ) )
                                                                                       ^
train-gate.2.dve.cpp:1056:66: error: request for member ‘var’ in ‘in->state_struct_t::e’, which is of non-class type ‘const byte_t [5] {aka const ubyte_t [5]}’
         if (  ( ((*in).Train_3.state.var == 1) )  &&  ( ((*in).e.var == 3) )  &&  ( ((*in).Gate.state.var == 8) ) )
                                                                  ^
train-gate.2.dve.cpp:1072:87: error: request for member ‘var’ in ‘in->state_struct_t::e’, which is of non-class type ‘const byte_t [5] {aka const ubyte_t [5]}’
         if (  ( ((*in).Train_3.state.var == 3) )  &&  ( ((*in).x.var <= 10 && (*in).e.var == 3) )  &&  ( ((*in).Gate.state.var == 5) ) )
                                                                                       ^
train-gate.2.dve.cpp:1088:66: error: request for member ‘var’ in ‘in->state_struct_t::e’, which is of non-class type ‘const byte_t [5] {aka const ubyte_t [5]}’
         if (  ( ((*in).Train_4.state.var == 1) )  &&  ( ((*in).e.var == 4) )  &&  ( ((*in).Gate.state.var == 8) ) )
                                                                  ^
train-gate.2.dve.cpp:1104:87: error: request for member ‘var’ in ‘in->state_struct_t::e’, which is of non-class type ‘const byte_t [5] {aka const ubyte_t [5]}’
         if (  ( ((*in).Train_4.state.var == 3) )  &&  ( ((*in).x.var <= 10 && (*in).e.var == 4) )  &&  ( ((*in).Gate.state.var == 5) ) )
                                                                                       ^
train-gate.2.dve.cpp: In function ‘int get_successors(void*, const state_struct_t*, void (*)(void*, transition_info_t*, state_struct_t*, int*), void*)’:
train-gate.2.dve.cpp:1236:27: error: request for member ‘var’ in ‘out->state_struct_t::e’, which is of non-class type ‘byte_t [5] {aka ubyte_t [5]}’
                 ((*out).e.var = 1);
                           ^
train-gate.2.dve.cpp:1237:39: error: request for member ‘var’ in ‘out->state_struct_t::e’, which is of non-class type ‘byte_t [5] {aka ubyte_t [5]}’
                 cpy[((int*)&((*out).e.var) - (int*)&(*out))] = 0;
                                       ^
train-gate.2.dve.cpp:1261:27: error: request for member ‘var’ in ‘out->state_struct_t::e’, which is of non-class type ‘byte_t [5] {aka ubyte_t [5]}’
                 ((*out).e.var = 2);
                           ^
train-gate.2.dve.cpp:1262:39: error: request for member ‘var’ in ‘out->state_struct_t::e’, which is of non-class type ‘byte_t [5] {aka ubyte_t [5]}’
                 cpy[((int*)&((*out).e.var) - (int*)&(*out))] = 0;
                                       ^
train-gate.2.dve.cpp:1286:27: error: request for member ‘var’ in ‘out->state_struct_t::e’, which is of non-class type ‘byte_t [5] {aka ubyte_t [5]}’
                 ((*out).e.var = 3);
                           ^
train-gate.2.dve.cpp:1287:39: error: request for member ‘var’ in ‘out->state_struct_t::e’, which is of non-class type ‘byte_t [5] {aka ubyte_t [5]}’
                 cpy[((int*)&((*out).e.var) - (int*)&(*out))] = 0;
                                       ^
train-gate.2.dve.cpp:1311:27: error: request for member ‘var’ in ‘out->state_struct_t::e’, which is of non-class type ‘byte_t [5] {aka ubyte_t [5]}’
                 ((*out).e.var = 4);
                           ^
train-gate.2.dve.cpp:1312:39: error: request for member ‘var’ in ‘out->state_struct_t::e’, which is of non-class type ‘byte_t [5] {aka ubyte_t [5]}’
                 cpy[((int*)&((*out).e.var) - (int*)&(*out))] = 0;
                                       ^
train-gate.2.dve.cpp:1339:27: error: request for member ‘var’ in ‘out->state_struct_t::e’, which is of non-class type ‘byte_t [5] {aka ubyte_t [5]}’
                 ((*out).e.var = 1);
                           ^
train-gate.2.dve.cpp:1340:39: error: request for member ‘var’ in ‘out->state_struct_t::e’, which is of non-class type ‘byte_t [5] {aka ubyte_t [5]}’
                 cpy[((int*)&((*out).e.var) - (int*)&(*out))] = 0;
                                       ^
train-gate.2.dve.cpp:1364:27: error: request for member ‘var’ in ‘out->state_struct_t::e’, which is of non-class type ‘byte_t [5] {aka ubyte_t [5]}’
                 ((*out).e.var = 2);
                           ^
train-gate.2.dve.cpp:1365:39: error: request for member ‘var’ in ‘out->state_struct_t::e’, which is of non-class type ‘byte_t [5] {aka ubyte_t [5]}’
                 cpy[((int*)&((*out).e.var) - (int*)&(*out))] = 0;
                                       ^
train-gate.2.dve.cpp:1389:27: error: request for member ‘var’ in ‘out->state_struct_t::e’, which is of non-class type ‘byte_t [5] {aka ubyte_t [5]}’
                 ((*out).e.var = 3);
                           ^
train-gate.2.dve.cpp:1390:39: error: request for member ‘var’ in ‘out->state_struct_t::e’, which is of non-class type ‘byte_t [5] {aka ubyte_t [5]}’
                 cpy[((int*)&((*out).e.var) - (int*)&(*out))] = 0;
                                       ^
train-gate.2.dve.cpp:1414:27: error: request for member ‘var’ in ‘out->state_struct_t::e’, which is of non-class type ‘byte_t [5] {aka ubyte_t [5]}’
                 ((*out).e.var = 4);
                           ^
train-gate.2.dve.cpp:1415:39: error: request for member ‘var’ in ‘out->state_struct_t::e’, which is of non-class type ‘byte_t [5] {aka ubyte_t [5]}’
                 cpy[((int*)&((*out).e.var) - (int*)&(*out))] = 0;
                                       ^
train-gate.2.dve.cpp:1439:27: error: request for member ‘var’ in ‘out->state_struct_t::e’, which is of non-class type ‘byte_t [5] {aka ubyte_t [5]}’
                 ((*out).e.var = 1);
                           ^
train-gate.2.dve.cpp:1440:39: error: request for member ‘var’ in ‘out->state_struct_t::e’, which is of non-class type ‘byte_t [5] {aka ubyte_t [5]}’
                 cpy[((int*)&((*out).e.var) - (int*)&(*out))] = 0;
                                       ^
train-gate.2.dve.cpp:1464:27: error: request for member ‘var’ in ‘out->state_struct_t::e’, which is of non-class type ‘byte_t [5] {aka ubyte_t [5]}’
                 ((*out).e.var = 2);
                           ^
train-gate.2.dve.cpp:1465:39: error: request for member ‘var’ in ‘out->state_struct_t::e’, which is of non-class type ‘byte_t [5] {aka ubyte_t [5]}’
                 cpy[((int*)&((*out).e.var) - (int*)&(*out))] = 0;
                                       ^
train-gate.2.dve.cpp:1489:27: error: request for member ‘var’ in ‘out->state_struct_t::e’, which is of non-class type ‘byte_t [5] {aka ubyte_t [5]}’
                 ((*out).e.var = 3);
                           ^
train-gate.2.dve.cpp:1490:39: error: request for member ‘var’ in ‘out->state_struct_t::e’, which is of non-class type ‘byte_t [5] {aka ubyte_t [5]}’
                 cpy[((int*)&((*out).e.var) - (int*)&(*out))] = 0;
                                       ^
train-gate.2.dve.cpp:1514:27: error: request for member ‘var’ in ‘out->state_struct_t::e’, which is of non-class type ‘byte_t [5] {aka ubyte_t [5]}’
                 ((*out).e.var = 4);
                           ^
train-gate.2.dve.cpp:1515:39: error: request for member ‘var’ in ‘out->state_struct_t::e’, which is of non-class type ‘byte_t [5] {aka ubyte_t [5]}’
                 cpy[((int*)&((*out).e.var) - (int*)&(*out))] = 0;
                                       ^
train-gate.2.dve.cpp:1581:79: error: request for member ‘var’ in ‘out->state_struct_t::e’, which is of non-class type ‘byte_t [5] {aka ubyte_t [5]}’
                 ((*out).IntQueue.list[(*out).IntQueue.len.var].var = (*out).e.var);
                                                                               ^
train-gate.2.dve.cpp:1604:79: error: request for member ‘var’ in ‘out->state_struct_t::e’, which is of non-class type ‘byte_t [5] {aka ubyte_t [5]}’
                 ((*out).IntQueue.list[(*out).IntQueue.len.var].var = (*out).e.var);
                                                                               ^
train-gate.2.dve.cpp:1627:27: error: request for member ‘var’ in ‘out->state_struct_t::e’, which is of non-class type ‘byte_t [5] {aka ubyte_t [5]}’
                 ((*out).e.var = (*out).IntQueue.list[0].var);
                           ^
train-gate.2.dve.cpp:1628:39: error: request for member ‘var’ in ‘out->state_struct_t::e’, which is of non-class type ‘byte_t [5] {aka ubyte_t [5]}’
                 cpy[((int*)&((*out).e.var) - (int*)&(*out))] = 0;
                                       ^
train-gate.2.dve.cpp:1690:30: error: request for member ‘var’ in ‘in->state_struct_t::e’, which is of non-class type ‘const byte_t [5] {aka const ubyte_t [5]}’
             if (  ( ((*in).e.var == 1) )  &&  ( ((*in).Gate.state.var == 8) ) )
                              ^
train-gate.2.dve.cpp:1737:51: error: request for member ‘var’ in ‘in->state_struct_t::e’, which is of non-class type ‘const byte_t [5] {aka const ubyte_t [5]}’
             if (  ( ((*in).x.var <= 10 && (*in).e.var == 1) )  &&  ( ((*in).Gate.state.var == 5) ) )
                                                   ^
train-gate.2.dve.cpp:1787:30: error: request for member ‘var’ in ‘in->state_struct_t::e’, which is of non-class type ‘const byte_t [5] {aka const ubyte_t [5]}’
             if (  ( ((*in).e.var == 2) )  &&  ( ((*in).Gate.state.var == 8) ) )
                              ^
train-gate.2.dve.cpp:1834:51: error: request for member ‘var’ in ‘in->state_struct_t::e’, which is of non-class type ‘const byte_t [5] {aka const ubyte_t [5]}’
             if (  ( ((*in).x.var <= 10 && (*in).e.var == 2) )  &&  ( ((*in).Gate.state.var == 5) ) )
                                                   ^
train-gate.2.dve.cpp:1884:30: error: request for member ‘var’ in ‘in->state_struct_t::e’, which is of non-class type ‘const byte_t [5] {aka const ubyte_t [5]}’
             if (  ( ((*in).e.var == 3) )  &&  ( ((*in).Gate.state.var == 8) ) )
                              ^
train-gate.2.dve.cpp:1931:51: error: request for member ‘var’ in ‘in->state_struct_t::e’, which is of non-class type ‘const byte_t [5] {aka const ubyte_t [5]}’
             if (  ( ((*in).x.var <= 10 && (*in).e.var == 3) )  &&  ( ((*in).Gate.state.var == 5) ) )
                                                   ^
train-gate.2.dve.cpp:1981:30: error: request for member ‘var’ in ‘in->state_struct_t::e’, which is of non-class type ‘const byte_t [5] {aka const ubyte_t [5]}’
             if (  ( ((*in).e.var == 4) )  &&  ( ((*in).Gate.state.var == 8) ) )
                              ^
train-gate.2.dve.cpp:2028:51: error: request for member ‘var’ in ‘in->state_struct_t::e’, which is of non-class type ‘const byte_t [5] {aka const ubyte_t [5]}’
             if (  ( ((*in).x.var <= 10 && (*in).e.var == 4) )  &&  ( ((*in).Gate.state.var == 5) ) )
                                                   ^
train-gate.2.dve.cpp: In function ‘int get_guard(void*, int, state_struct_t*)’:
train-gate.2.dve.cpp:2536:40: error: request for member ‘var’ in ‘src->state_struct_t::e’, which is of non-class type ‘byte_t [5] {aka ubyte_t [5]}’
             case 29: return (((*src).e.var == 1));
                                        ^
train-gate.2.dve.cpp:2545:40: error: request for member ‘var’ in ‘src->state_struct_t::e’, which is of non-class type ‘byte_t [5] {aka ubyte_t [5]}’
             case 38: return (((*src).e.var == 2));
                                        ^
train-gate.2.dve.cpp:2549:40: error: request for member ‘var’ in ‘src->state_struct_t::e’, which is of non-class type ‘byte_t [5] {aka ubyte_t [5]}’
             case 42: return (((*src).e.var == 3));
                                        ^
train-gate.2.dve.cpp:2553:40: error: request for member ‘var’ in ‘src->state_struct_t::e’, which is of non-class type ‘byte_t [5] {aka ubyte_t [5]}’
             case 46: return (((*src).e.var == 4));
                                        ^
Error running external command: g++ -O2 -shared -fPIC  -o train-gate.2.dve2C train-gate.2.dve.cpp
dve2lts-sym, 0.159, file ../pins-lib/dve-pins.c, line 200: assertion "ret == 0" failed: Command failed with exit code 256: divine compile --ltsmin '/home/oortwijn/repos/sylvan-tacas2015/models/train-gate.2.dve'
Please install the patched DiVinE 2.4 version from the LTSmin website:
http://fmt.cs.utwente.nl/tools/ltsmin/#divine
