dve2lts-sym, 0.000: Exploration order is bfs-prev
dve2lts-sym, 0.000: Saturation strategy is none
dve2lts-sym, 0.000: Guided search strategy is unguided
dve2lts-sym, 0.000: Attractor strategy is default
dve2lts-sym, 0.000: Precompiled divine module initialized
dve2lts-sym, 0.000: opening /home/oortwijn/repos/sylvan-tacas2015/models/train-gate.1.dve
train-gate.1.dve.cpp: In function ‘int get_action(void*, int, const state_struct_t*, void (*)(void*, transition_info_t*, state_struct_t*, int*), void*)’:
train-gate.1.dve.cpp:143:19: error: request for member ‘var’ in ‘out->state_struct_t::e’, which is of non-class type ‘byte_t [3] {aka ubyte_t [3]}’
         ((*out).e.var = 1);
                   ^
train-gate.1.dve.cpp:144:31: error: request for member ‘var’ in ‘out->state_struct_t::e’, which is of non-class type ‘byte_t [3] {aka ubyte_t [3]}’
         cpy[((int*)&((*out).e.var) - (int*)&(*out))] = 0;
                               ^
train-gate.1.dve.cpp:163:19: error: request for member ‘var’ in ‘out->state_struct_t::e’, which is of non-class type ‘byte_t [3] {aka ubyte_t [3]}’
         ((*out).e.var = 2);
                   ^
train-gate.1.dve.cpp:164:31: error: request for member ‘var’ in ‘out->state_struct_t::e’, which is of non-class type ‘byte_t [3] {aka ubyte_t [3]}’
         cpy[((int*)&((*out).e.var) - (int*)&(*out))] = 0;
                               ^
train-gate.1.dve.cpp:183:19: error: request for member ‘var’ in ‘out->state_struct_t::e’, which is of non-class type ‘byte_t [3] {aka ubyte_t [3]}’
         ((*out).e.var = 1);
                   ^
train-gate.1.dve.cpp:184:31: error: request for member ‘var’ in ‘out->state_struct_t::e’, which is of non-class type ‘byte_t [3] {aka ubyte_t [3]}’
         cpy[((int*)&((*out).e.var) - (int*)&(*out))] = 0;
                               ^
train-gate.1.dve.cpp:203:19: error: request for member ‘var’ in ‘out->state_struct_t::e’, which is of non-class type ‘byte_t [3] {aka ubyte_t [3]}’
         ((*out).e.var = 2);
                   ^
train-gate.1.dve.cpp:204:31: error: request for member ‘var’ in ‘out->state_struct_t::e’, which is of non-class type ‘byte_t [3] {aka ubyte_t [3]}’
         cpy[((int*)&((*out).e.var) - (int*)&(*out))] = 0;
                               ^
train-gate.1.dve.cpp:223:19: error: request for member ‘var’ in ‘out->state_struct_t::e’, which is of non-class type ‘byte_t [3] {aka ubyte_t [3]}’
         ((*out).e.var = 1);
                   ^
train-gate.1.dve.cpp:224:31: error: request for member ‘var’ in ‘out->state_struct_t::e’, which is of non-class type ‘byte_t [3] {aka ubyte_t [3]}’
         cpy[((int*)&((*out).e.var) - (int*)&(*out))] = 0;
                               ^
train-gate.1.dve.cpp:243:19: error: request for member ‘var’ in ‘out->state_struct_t::e’, which is of non-class type ‘byte_t [3] {aka ubyte_t [3]}’
         ((*out).e.var = 2);
                   ^
train-gate.1.dve.cpp:244:31: error: request for member ‘var’ in ‘out->state_struct_t::e’, which is of non-class type ‘byte_t [3] {aka ubyte_t [3]}’
         cpy[((int*)&((*out).e.var) - (int*)&(*out))] = 0;
                               ^
train-gate.1.dve.cpp:289:71: error: request for member ‘var’ in ‘out->state_struct_t::e’, which is of non-class type ‘byte_t [3] {aka ubyte_t [3]}’
         ((*out).IntQueue.list[(*out).IntQueue.len.var].var = (*out).e.var);
                                                                       ^
train-gate.1.dve.cpp:307:71: error: request for member ‘var’ in ‘out->state_struct_t::e’, which is of non-class type ‘byte_t [3] {aka ubyte_t [3]}’
         ((*out).IntQueue.list[(*out).IntQueue.len.var].var = (*out).e.var);
                                                                       ^
train-gate.1.dve.cpp:325:19: error: request for member ‘var’ in ‘out->state_struct_t::e’, which is of non-class type ‘byte_t [3] {aka ubyte_t [3]}’
         ((*out).e.var = (*out).IntQueue.list[0].var);
                   ^
train-gate.1.dve.cpp:326:31: error: request for member ‘var’ in ‘out->state_struct_t::e’, which is of non-class type ‘byte_t [3] {aka ubyte_t [3]}’
         cpy[((int*)&((*out).e.var) - (int*)&(*out))] = 0;
                               ^
train-gate.1.dve.cpp: In function ‘int get_successor(void*, int, const state_struct_t*, void (*)(void*, transition_info_t*, state_struct_t*, int*), void*)’:
train-gate.1.dve.cpp:662:66: error: request for member ‘var’ in ‘in->state_struct_t::e’, which is of non-class type ‘const byte_t [3] {aka const ubyte_t [3]}’
         if (  ( ((*in).Train_1.state.var == 1) )  &&  ( ((*in).e.var == 1) )  &&  ( ((*in).Gate.state.var == 8) ) )
                                                                  ^
train-gate.1.dve.cpp:678:87: error: request for member ‘var’ in ‘in->state_struct_t::e’, which is of non-class type ‘const byte_t [3] {aka const ubyte_t [3]}’
         if (  ( ((*in).Train_1.state.var == 3) )  &&  ( ((*in).x.var <= 10 && (*in).e.var == 1) )  &&  ( ((*in).Gate.state.var == 5) ) )
                                                                                       ^
train-gate.1.dve.cpp:694:66: error: request for member ‘var’ in ‘in->state_struct_t::e’, which is of non-class type ‘const byte_t [3] {aka const ubyte_t [3]}’
         if (  ( ((*in).Train_2.state.var == 1) )  &&  ( ((*in).e.var == 2) )  &&  ( ((*in).Gate.state.var == 8) ) )
                                                                  ^
train-gate.1.dve.cpp:710:87: error: request for member ‘var’ in ‘in->state_struct_t::e’, which is of non-class type ‘const byte_t [3] {aka const ubyte_t [3]}’
         if (  ( ((*in).Train_2.state.var == 3) )  &&  ( ((*in).x.var <= 10 && (*in).e.var == 2) )  &&  ( ((*in).Gate.state.var == 5) ) )
                                                                                       ^
train-gate.1.dve.cpp: In function ‘int get_successors(void*, const state_struct_t*, void (*)(void*, transition_info_t*, state_struct_t*, int*), void*)’:
train-gate.1.dve.cpp:828:27: error: request for member ‘var’ in ‘out->state_struct_t::e’, which is of non-class type ‘byte_t [3] {aka ubyte_t [3]}’
                 ((*out).e.var = 1);
                           ^
train-gate.1.dve.cpp:829:39: error: request for member ‘var’ in ‘out->state_struct_t::e’, which is of non-class type ‘byte_t [3] {aka ubyte_t [3]}’
                 cpy[((int*)&((*out).e.var) - (int*)&(*out))] = 0;
                                       ^
train-gate.1.dve.cpp:853:27: error: request for member ‘var’ in ‘out->state_struct_t::e’, which is of non-class type ‘byte_t [3] {aka ubyte_t [3]}’
                 ((*out).e.var = 2);
                           ^
train-gate.1.dve.cpp:854:39: error: request for member ‘var’ in ‘out->state_struct_t::e’, which is of non-class type ‘byte_t [3] {aka ubyte_t [3]}’
                 cpy[((int*)&((*out).e.var) - (int*)&(*out))] = 0;
                                       ^
train-gate.1.dve.cpp:881:27: error: request for member ‘var’ in ‘out->state_struct_t::e’, which is of non-class type ‘byte_t [3] {aka ubyte_t [3]}’
                 ((*out).e.var = 1);
                           ^
train-gate.1.dve.cpp:882:39: error: request for member ‘var’ in ‘out->state_struct_t::e’, which is of non-class type ‘byte_t [3] {aka ubyte_t [3]}’
                 cpy[((int*)&((*out).e.var) - (int*)&(*out))] = 0;
                                       ^
train-gate.1.dve.cpp:906:27: error: request for member ‘var’ in ‘out->state_struct_t::e’, which is of non-class type ‘byte_t [3] {aka ubyte_t [3]}’
                 ((*out).e.var = 2);
                           ^
train-gate.1.dve.cpp:907:39: error: request for member ‘var’ in ‘out->state_struct_t::e’, which is of non-class type ‘byte_t [3] {aka ubyte_t [3]}’
                 cpy[((int*)&((*out).e.var) - (int*)&(*out))] = 0;
                                       ^
train-gate.1.dve.cpp:931:27: error: request for member ‘var’ in ‘out->state_struct_t::e’, which is of non-class type ‘byte_t [3] {aka ubyte_t [3]}’
                 ((*out).e.var = 1);
                           ^
train-gate.1.dve.cpp:932:39: error: request for member ‘var’ in ‘out->state_struct_t::e’, which is of non-class type ‘byte_t [3] {aka ubyte_t [3]}’
                 cpy[((int*)&((*out).e.var) - (int*)&(*out))] = 0;
                                       ^
train-gate.1.dve.cpp:956:27: error: request for member ‘var’ in ‘out->state_struct_t::e’, which is of non-class type ‘byte_t [3] {aka ubyte_t [3]}’
                 ((*out).e.var = 2);
                           ^
train-gate.1.dve.cpp:957:39: error: request for member ‘var’ in ‘out->state_struct_t::e’, which is of non-class type ‘byte_t [3] {aka ubyte_t [3]}’
                 cpy[((int*)&((*out).e.var) - (int*)&(*out))] = 0;
                                       ^
train-gate.1.dve.cpp:1023:79: error: request for member ‘var’ in ‘out->state_struct_t::e’, which is of non-class type ‘byte_t [3] {aka ubyte_t [3]}’
                 ((*out).IntQueue.list[(*out).IntQueue.len.var].var = (*out).e.var);
                                                                               ^
train-gate.1.dve.cpp:1046:79: error: request for member ‘var’ in ‘out->state_struct_t::e’, which is of non-class type ‘byte_t [3] {aka ubyte_t [3]}’
                 ((*out).IntQueue.list[(*out).IntQueue.len.var].var = (*out).e.var);
                                                                               ^
train-gate.1.dve.cpp:1069:27: error: request for member ‘var’ in ‘out->state_struct_t::e’, which is of non-class type ‘byte_t [3] {aka ubyte_t [3]}’
                 ((*out).e.var = (*out).IntQueue.list[0].var);
                           ^
train-gate.1.dve.cpp:1070:39: error: request for member ‘var’ in ‘out->state_struct_t::e’, which is of non-class type ‘byte_t [3] {aka ubyte_t [3]}’
                 cpy[((int*)&((*out).e.var) - (int*)&(*out))] = 0;
                                       ^
train-gate.1.dve.cpp:1132:30: error: request for member ‘var’ in ‘in->state_struct_t::e’, which is of non-class type ‘const byte_t [3] {aka const ubyte_t [3]}’
             if (  ( ((*in).e.var == 1) )  &&  ( ((*in).Gate.state.var == 8) ) )
                              ^
train-gate.1.dve.cpp:1179:51: error: request for member ‘var’ in ‘in->state_struct_t::e’, which is of non-class type ‘const byte_t [3] {aka const ubyte_t [3]}’
             if (  ( ((*in).x.var <= 10 && (*in).e.var == 1) )  &&  ( ((*in).Gate.state.var == 5) ) )
                                                   ^
train-gate.1.dve.cpp:1229:30: error: request for member ‘var’ in ‘in->state_struct_t::e’, which is of non-class type ‘const byte_t [3] {aka const ubyte_t [3]}’
             if (  ( ((*in).e.var == 2) )  &&  ( ((*in).Gate.state.var == 8) ) )
                              ^
train-gate.1.dve.cpp:1276:51: error: request for member ‘var’ in ‘in->state_struct_t::e’, which is of non-class type ‘const byte_t [3] {aka const ubyte_t [3]}’
             if (  ( ((*in).x.var <= 10 && (*in).e.var == 2) )  &&  ( ((*in).Gate.state.var == 5) ) )
                                                   ^
train-gate.1.dve.cpp: In function ‘int get_guard(void*, int, state_struct_t*)’:
train-gate.1.dve.cpp:1678:40: error: request for member ‘var’ in ‘src->state_struct_t::e’, which is of non-class type ‘byte_t [3] {aka ubyte_t [3]}’
             case 23: return (((*src).e.var == 1));
                                        ^
train-gate.1.dve.cpp:1687:40: error: request for member ‘var’ in ‘src->state_struct_t::e’, which is of non-class type ‘byte_t [3] {aka ubyte_t [3]}’
             case 32: return (((*src).e.var == 2));
                                        ^
Error running external command: g++ -O2 -shared -fPIC  -o train-gate.1.dve2C train-gate.1.dve.cpp
dve2lts-sym, 0.142, file ../pins-lib/dve-pins.c, line 200: assertion "ret == 0" failed: Command failed with exit code 256: divine compile --ltsmin '/home/oortwijn/repos/sylvan-tacas2015/models/train-gate.1.dve'
Please install the patched DiVinE 2.4 version from the LTSmin website:
http://fmt.cs.utwente.nl/tools/ltsmin/#divine
