dve2lts-sym, 0.000: Exploration order is bfs-prev
dve2lts-sym, 0.000: Saturation strategy is none
dve2lts-sym, 0.000: Guided search strategy is unguided
dve2lts-sym, 0.000: Attractor strategy is default
dve2lts-sym, 0.000: Precompiled divine module initialized
dve2lts-sym, 0.000: opening /home/oortwijn/repos/sylvan-tacas2015/models/train-gate.7.dve
train-gate.7.dve.cpp: In function ‘int get_action(void*, int, const state_struct_t*, void (*)(void*, transition_info_t*, state_struct_t*, int*), void*)’:
train-gate.7.dve.cpp:179:19: error: request for member ‘var’ in ‘out->state_struct_t::e’, which is of non-class type ‘byte_t [9] {aka ubyte_t [9]}’
         ((*out).e.var = 1);
                   ^
train-gate.7.dve.cpp:180:31: error: request for member ‘var’ in ‘out->state_struct_t::e’, which is of non-class type ‘byte_t [9] {aka ubyte_t [9]}’
         cpy[((int*)&((*out).e.var) - (int*)&(*out))] = 0;
                               ^
train-gate.7.dve.cpp:199:19: error: request for member ‘var’ in ‘out->state_struct_t::e’, which is of non-class type ‘byte_t [9] {aka ubyte_t [9]}’
         ((*out).e.var = 2);
                   ^
train-gate.7.dve.cpp:200:31: error: request for member ‘var’ in ‘out->state_struct_t::e’, which is of non-class type ‘byte_t [9] {aka ubyte_t [9]}’
         cpy[((int*)&((*out).e.var) - (int*)&(*out))] = 0;
                               ^
train-gate.7.dve.cpp:219:19: error: request for member ‘var’ in ‘out->state_struct_t::e’, which is of non-class type ‘byte_t [9] {aka ubyte_t [9]}’
         ((*out).e.var = 3);
                   ^
train-gate.7.dve.cpp:220:31: error: request for member ‘var’ in ‘out->state_struct_t::e’, which is of non-class type ‘byte_t [9] {aka ubyte_t [9]}’
         cpy[((int*)&((*out).e.var) - (int*)&(*out))] = 0;
                               ^
train-gate.7.dve.cpp:239:19: error: request for member ‘var’ in ‘out->state_struct_t::e’, which is of non-class type ‘byte_t [9] {aka ubyte_t [9]}’
         ((*out).e.var = 4);
                   ^
train-gate.7.dve.cpp:240:31: error: request for member ‘var’ in ‘out->state_struct_t::e’, which is of non-class type ‘byte_t [9] {aka ubyte_t [9]}’
         cpy[((int*)&((*out).e.var) - (int*)&(*out))] = 0;
                               ^
train-gate.7.dve.cpp:259:19: error: request for member ‘var’ in ‘out->state_struct_t::e’, which is of non-class type ‘byte_t [9] {aka ubyte_t [9]}’
         ((*out).e.var = 5);
                   ^
train-gate.7.dve.cpp:260:31: error: request for member ‘var’ in ‘out->state_struct_t::e’, which is of non-class type ‘byte_t [9] {aka ubyte_t [9]}’
         cpy[((int*)&((*out).e.var) - (int*)&(*out))] = 0;
                               ^
train-gate.7.dve.cpp:279:19: error: request for member ‘var’ in ‘out->state_struct_t::e’, which is of non-class type ‘byte_t [9] {aka ubyte_t [9]}’
         ((*out).e.var = 6);
                   ^
train-gate.7.dve.cpp:280:31: error: request for member ‘var’ in ‘out->state_struct_t::e’, which is of non-class type ‘byte_t [9] {aka ubyte_t [9]}’
         cpy[((int*)&((*out).e.var) - (int*)&(*out))] = 0;
                               ^
train-gate.7.dve.cpp:299:19: error: request for member ‘var’ in ‘out->state_struct_t::e’, which is of non-class type ‘byte_t [9] {aka ubyte_t [9]}’
         ((*out).e.var = 7);
                   ^
train-gate.7.dve.cpp:300:31: error: request for member ‘var’ in ‘out->state_struct_t::e’, which is of non-class type ‘byte_t [9] {aka ubyte_t [9]}’
         cpy[((int*)&((*out).e.var) - (int*)&(*out))] = 0;
                               ^
train-gate.7.dve.cpp:319:19: error: request for member ‘var’ in ‘out->state_struct_t::e’, which is of non-class type ‘byte_t [9] {aka ubyte_t [9]}’
         ((*out).e.var = 8);
                   ^
train-gate.7.dve.cpp:320:31: error: request for member ‘var’ in ‘out->state_struct_t::e’, which is of non-class type ‘byte_t [9] {aka ubyte_t [9]}’
         cpy[((int*)&((*out).e.var) - (int*)&(*out))] = 0;
                               ^
train-gate.7.dve.cpp:339:19: error: request for member ‘var’ in ‘out->state_struct_t::e’, which is of non-class type ‘byte_t [9] {aka ubyte_t [9]}’
         ((*out).e.var = 1);
                   ^
train-gate.7.dve.cpp:340:31: error: request for member ‘var’ in ‘out->state_struct_t::e’, which is of non-class type ‘byte_t [9] {aka ubyte_t [9]}’
         cpy[((int*)&((*out).e.var) - (int*)&(*out))] = 0;
                               ^
train-gate.7.dve.cpp:359:19: error: request for member ‘var’ in ‘out->state_struct_t::e’, which is of non-class type ‘byte_t [9] {aka ubyte_t [9]}’
         ((*out).e.var = 2);
                   ^
train-gate.7.dve.cpp:360:31: error: request for member ‘var’ in ‘out->state_struct_t::e’, which is of non-class type ‘byte_t [9] {aka ubyte_t [9]}’
         cpy[((int*)&((*out).e.var) - (int*)&(*out))] = 0;
                               ^
train-gate.7.dve.cpp:379:19: error: request for member ‘var’ in ‘out->state_struct_t::e’, which is of non-class type ‘byte_t [9] {aka ubyte_t [9]}’
         ((*out).e.var = 3);
                   ^
train-gate.7.dve.cpp:380:31: error: request for member ‘var’ in ‘out->state_struct_t::e’, which is of non-class type ‘byte_t [9] {aka ubyte_t [9]}’
         cpy[((int*)&((*out).e.var) - (int*)&(*out))] = 0;
                               ^
train-gate.7.dve.cpp:399:19: error: request for member ‘var’ in ‘out->state_struct_t::e’, which is of non-class type ‘byte_t [9] {aka ubyte_t [9]}’
         ((*out).e.var = 4);
                   ^
train-gate.7.dve.cpp:400:31: error: request for member ‘var’ in ‘out->state_struct_t::e’, which is of non-class type ‘byte_t [9] {aka ubyte_t [9]}’
         cpy[((int*)&((*out).e.var) - (int*)&(*out))] = 0;
                               ^
train-gate.7.dve.cpp:419:19: error: request for member ‘var’ in ‘out->state_struct_t::e’, which is of non-class type ‘byte_t [9] {aka ubyte_t [9]}’
         ((*out).e.var = 5);
                   ^
train-gate.7.dve.cpp:420:31: error: request for member ‘var’ in ‘out->state_struct_t::e’, which is of non-class type ‘byte_t [9] {aka ubyte_t [9]}’
         cpy[((int*)&((*out).e.var) - (int*)&(*out))] = 0;
                               ^
train-gate.7.dve.cpp:439:19: error: request for member ‘var’ in ‘out->state_struct_t::e’, which is of non-class type ‘byte_t [9] {aka ubyte_t [9]}’
         ((*out).e.var = 6);
                   ^
train-gate.7.dve.cpp:440:31: error: request for member ‘var’ in ‘out->state_struct_t::e’, which is of non-class type ‘byte_t [9] {aka ubyte_t [9]}’
         cpy[((int*)&((*out).e.var) - (int*)&(*out))] = 0;
                               ^
train-gate.7.dve.cpp:459:19: error: request for member ‘var’ in ‘out->state_struct_t::e’, which is of non-class type ‘byte_t [9] {aka ubyte_t [9]}’
         ((*out).e.var = 7);
                   ^
train-gate.7.dve.cpp:460:31: error: request for member ‘var’ in ‘out->state_struct_t::e’, which is of non-class type ‘byte_t [9] {aka ubyte_t [9]}’
         cpy[((int*)&((*out).e.var) - (int*)&(*out))] = 0;
                               ^
train-gate.7.dve.cpp:479:19: error: request for member ‘var’ in ‘out->state_struct_t::e’, which is of non-class type ‘byte_t [9] {aka ubyte_t [9]}’
         ((*out).e.var = 8);
                   ^
train-gate.7.dve.cpp:480:31: error: request for member ‘var’ in ‘out->state_struct_t::e’, which is of non-class type ‘byte_t [9] {aka ubyte_t [9]}’
         cpy[((int*)&((*out).e.var) - (int*)&(*out))] = 0;
                               ^
train-gate.7.dve.cpp:499:19: error: request for member ‘var’ in ‘out->state_struct_t::e’, which is of non-class type ‘byte_t [9] {aka ubyte_t [9]}’
         ((*out).e.var = 1);
                   ^
train-gate.7.dve.cpp:500:31: error: request for member ‘var’ in ‘out->state_struct_t::e’, which is of non-class type ‘byte_t [9] {aka ubyte_t [9]}’
         cpy[((int*)&((*out).e.var) - (int*)&(*out))] = 0;
                               ^
train-gate.7.dve.cpp:519:19: error: request for member ‘var’ in ‘out->state_struct_t::e’, which is of non-class type ‘byte_t [9] {aka ubyte_t [9]}’
         ((*out).e.var = 2);
                   ^
train-gate.7.dve.cpp:520:31: error: request for member ‘var’ in ‘out->state_struct_t::e’, which is of non-class type ‘byte_t [9] {aka ubyte_t [9]}’
         cpy[((int*)&((*out).e.var) - (int*)&(*out))] = 0;
                               ^
train-gate.7.dve.cpp:539:19: error: request for member ‘var’ in ‘out->state_struct_t::e’, which is of non-class type ‘byte_t [9] {aka ubyte_t [9]}’
         ((*out).e.var = 3);
                   ^
train-gate.7.dve.cpp:540:31: error: request for member ‘var’ in ‘out->state_struct_t::e’, which is of non-class type ‘byte_t [9] {aka ubyte_t [9]}’
         cpy[((int*)&((*out).e.var) - (int*)&(*out))] = 0;
                               ^
train-gate.7.dve.cpp:559:19: error: request for member ‘var’ in ‘out->state_struct_t::e’, which is of non-class type ‘byte_t [9] {aka ubyte_t [9]}’
         ((*out).e.var = 4);
                   ^
train-gate.7.dve.cpp:560:31: error: request for member ‘var’ in ‘out->state_struct_t::e’, which is of non-class type ‘byte_t [9] {aka ubyte_t [9]}’
         cpy[((int*)&((*out).e.var) - (int*)&(*out))] = 0;
                               ^
train-gate.7.dve.cpp:579:19: error: request for member ‘var’ in ‘out->state_struct_t::e’, which is of non-class type ‘byte_t [9] {aka ubyte_t [9]}’
         ((*out).e.var = 5);
                   ^
train-gate.7.dve.cpp:580:31: error: request for member ‘var’ in ‘out->state_struct_t::e’, which is of non-class type ‘byte_t [9] {aka ubyte_t [9]}’
         cpy[((int*)&((*out).e.var) - (int*)&(*out))] = 0;
                               ^
train-gate.7.dve.cpp:599:19: error: request for member ‘var’ in ‘out->state_struct_t::e’, which is of non-class type ‘byte_t [9] {aka ubyte_t [9]}’
         ((*out).e.var = 6);
                   ^
train-gate.7.dve.cpp:600:31: error: request for member ‘var’ in ‘out->state_struct_t::e’, which is of non-class type ‘byte_t [9] {aka ubyte_t [9]}’
         cpy[((int*)&((*out).e.var) - (int*)&(*out))] = 0;
                               ^
train-gate.7.dve.cpp:619:19: error: request for member ‘var’ in ‘out->state_struct_t::e’, which is of non-class type ‘byte_t [9] {aka ubyte_t [9]}’
         ((*out).e.var = 7);
                   ^
train-gate.7.dve.cpp:620:31: error: request for member ‘var’ in ‘out->state_struct_t::e’, which is of non-class type ‘byte_t [9] {aka ubyte_t [9]}’
         cpy[((int*)&((*out).e.var) - (int*)&(*out))] = 0;
                               ^
train-gate.7.dve.cpp:639:19: error: request for member ‘var’ in ‘out->state_struct_t::e’, which is of non-class type ‘byte_t [9] {aka ubyte_t [9]}’
         ((*out).e.var = 8);
                   ^
train-gate.7.dve.cpp:640:31: error: request for member ‘var’ in ‘out->state_struct_t::e’, which is of non-class type ‘byte_t [9] {aka ubyte_t [9]}’
         cpy[((int*)&((*out).e.var) - (int*)&(*out))] = 0;
                               ^
train-gate.7.dve.cpp:685:71: error: request for member ‘var’ in ‘out->state_struct_t::e’, which is of non-class type ‘byte_t [9] {aka ubyte_t [9]}’
         ((*out).IntQueue.list[(*out).IntQueue.len.var].var = (*out).e.var);
                                                                       ^
train-gate.7.dve.cpp:703:71: error: request for member ‘var’ in ‘out->state_struct_t::e’, which is of non-class type ‘byte_t [9] {aka ubyte_t [9]}’
         ((*out).IntQueue.list[(*out).IntQueue.len.var].var = (*out).e.var);
                                                                       ^
train-gate.7.dve.cpp:721:19: error: request for member ‘var’ in ‘out->state_struct_t::e’, which is of non-class type ‘byte_t [9] {aka ubyte_t [9]}’
         ((*out).e.var = (*out).IntQueue.list[0].var);
                   ^
train-gate.7.dve.cpp:722:31: error: request for member ‘var’ in ‘out->state_struct_t::e’, which is of non-class type ‘byte_t [9] {aka ubyte_t [9]}’
         cpy[((int*)&((*out).e.var) - (int*)&(*out))] = 0;
                               ^
train-gate.7.dve.cpp: In function ‘int get_successor(void*, int, const state_struct_t*, void (*)(void*, transition_info_t*, state_struct_t*, int*), void*)’:
train-gate.7.dve.cpp:1652:66: error: request for member ‘var’ in ‘in->state_struct_t::e’, which is of non-class type ‘const byte_t [9] {aka const ubyte_t [9]}’
         if (  ( ((*in).Train_1.state.var == 1) )  &&  ( ((*in).e.var == 1) )  &&  ( ((*in).Gate.state.var == 8) ) )
                                                                  ^
train-gate.7.dve.cpp:1668:87: error: request for member ‘var’ in ‘in->state_struct_t::e’, which is of non-class type ‘const byte_t [9] {aka const ubyte_t [9]}’
         if (  ( ((*in).Train_1.state.var == 3) )  &&  ( ((*in).x.var <= 10 && (*in).e.var == 1) )  &&  ( ((*in).Gate.state.var == 5) ) )
                                                                                       ^
train-gate.7.dve.cpp:1684:66: error: request for member ‘var’ in ‘in->state_struct_t::e’, which is of non-class type ‘const byte_t [9] {aka const ubyte_t [9]}’
         if (  ( ((*in).Train_2.state.var == 1) )  &&  ( ((*in).e.var == 2) )  &&  ( ((*in).Gate.state.var == 8) ) )
                                                                  ^
train-gate.7.dve.cpp:1700:87: error: request for member ‘var’ in ‘in->state_struct_t::e’, which is of non-class type ‘const byte_t [9] {aka const ubyte_t [9]}’
         if (  ( ((*in).Train_2.state.var == 3) )  &&  ( ((*in).x.var <= 10 && (*in).e.var == 2) )  &&  ( ((*in).Gate.state.var == 5) ) )
                                                                                       ^
train-gate.7.dve.cpp:1716:66: error: request for member ‘var’ in ‘in->state_struct_t::e’, which is of non-class type ‘const byte_t [9] {aka const ubyte_t [9]}’
         if (  ( ((*in).Train_3.state.var == 1) )  &&  ( ((*in).e.var == 3) )  &&  ( ((*in).Gate.state.var == 8) ) )
                                                                  ^
train-gate.7.dve.cpp:1732:87: error: request for member ‘var’ in ‘in->state_struct_t::e’, which is of non-class type ‘const byte_t [9] {aka const ubyte_t [9]}’
         if (  ( ((*in).Train_3.state.var == 3) )  &&  ( ((*in).x.var <= 10 && (*in).e.var == 3) )  &&  ( ((*in).Gate.state.var == 5) ) )
                                                                                       ^
train-gate.7.dve.cpp:1748:66: error: request for member ‘var’ in ‘in->state_struct_t::e’, which is of non-class type ‘const byte_t [9] {aka const ubyte_t [9]}’
         if (  ( ((*in).Train_4.state.var == 1) )  &&  ( ((*in).e.var == 4) )  &&  ( ((*in).Gate.state.var == 8) ) )
                                                                  ^
train-gate.7.dve.cpp:1764:87: error: request for member ‘var’ in ‘in->state_struct_t::e’, which is of non-class type ‘const byte_t [9] {aka const ubyte_t [9]}’
         if (  ( ((*in).Train_4.state.var == 3) )  &&  ( ((*in).x.var <= 10 && (*in).e.var == 4) )  &&  ( ((*in).Gate.state.var == 5) ) )
                                                                                       ^
train-gate.7.dve.cpp:1780:66: error: request for member ‘var’ in ‘in->state_struct_t::e’, which is of non-class type ‘const byte_t [9] {aka const ubyte_t [9]}’
         if (  ( ((*in).Train_5.state.var == 1) )  &&  ( ((*in).e.var == 5) )  &&  ( ((*in).Gate.state.var == 8) ) )
                                                                  ^
train-gate.7.dve.cpp:1796:87: error: request for member ‘var’ in ‘in->state_struct_t::e’, which is of non-class type ‘const byte_t [9] {aka const ubyte_t [9]}’
         if (  ( ((*in).Train_5.state.var == 3) )  &&  ( ((*in).x.var <= 10 && (*in).e.var == 5) )  &&  ( ((*in).Gate.state.var == 5) ) )
                                                                                       ^
train-gate.7.dve.cpp:1812:66: error: request for member ‘var’ in ‘in->state_struct_t::e’, which is of non-class type ‘const byte_t [9] {aka const ubyte_t [9]}’
         if (  ( ((*in).Train_6.state.var == 1) )  &&  ( ((*in).e.var == 6) )  &&  ( ((*in).Gate.state.var == 8) ) )
                                                                  ^
train-gate.7.dve.cpp:1828:87: error: request for member ‘var’ in ‘in->state_struct_t::e’, which is of non-class type ‘const byte_t [9] {aka const ubyte_t [9]}’
         if (  ( ((*in).Train_6.state.var == 3) )  &&  ( ((*in).x.var <= 10 && (*in).e.var == 6) )  &&  ( ((*in).Gate.state.var == 5) ) )
                                                                                       ^
train-gate.7.dve.cpp:1844:66: error: request for member ‘var’ in ‘in->state_struct_t::e’, which is of non-class type ‘const byte_t [9] {aka const ubyte_t [9]}’
         if (  ( ((*in).Train_7.state.var == 1) )  &&  ( ((*in).e.var == 7) )  &&  ( ((*in).Gate.state.var == 8) ) )
                                                                  ^
train-gate.7.dve.cpp:1860:87: error: request for member ‘var’ in ‘in->state_struct_t::e’, which is of non-class type ‘const byte_t [9] {aka const ubyte_t [9]}’
         if (  ( ((*in).Train_7.state.var == 3) )  &&  ( ((*in).x.var <= 10 && (*in).e.var == 7) )  &&  ( ((*in).Gate.state.var == 5) ) )
                                                                                       ^
train-gate.7.dve.cpp:1876:66: error: request for member ‘var’ in ‘in->state_struct_t::e’, which is of non-class type ‘const byte_t [9] {aka const ubyte_t [9]}’
         if (  ( ((*in).Train_8.state.var == 1) )  &&  ( ((*in).e.var == 8) )  &&  ( ((*in).Gate.state.var == 8) ) )
                                                                  ^
train-gate.7.dve.cpp:1892:87: error: request for member ‘var’ in ‘in->state_struct_t::e’, which is of non-class type ‘const byte_t [9] {aka const ubyte_t [9]}’
         if (  ( ((*in).Train_8.state.var == 3) )  &&  ( ((*in).x.var <= 10 && (*in).e.var == 8) )  &&  ( ((*in).Gate.state.var == 5) ) )
                                                                                       ^
train-gate.7.dve.cpp: In function ‘int get_successors(void*, const state_struct_t*, void (*)(void*, transition_info_t*, state_struct_t*, int*), void*)’:
train-gate.7.dve.cpp:2052:27: error: request for member ‘var’ in ‘out->state_struct_t::e’, which is of non-class type ‘byte_t [9] {aka ubyte_t [9]}’
                 ((*out).e.var = 1);
                           ^
train-gate.7.dve.cpp:2053:39: error: request for member ‘var’ in ‘out->state_struct_t::e’, which is of non-class type ‘byte_t [9] {aka ubyte_t [9]}’
                 cpy[((int*)&((*out).e.var) - (int*)&(*out))] = 0;
                                       ^
train-gate.7.dve.cpp:2077:27: error: request for member ‘var’ in ‘out->state_struct_t::e’, which is of non-class type ‘byte_t [9] {aka ubyte_t [9]}’
                 ((*out).e.var = 2);
                           ^
train-gate.7.dve.cpp:2078:39: error: request for member ‘var’ in ‘out->state_struct_t::e’, which is of non-class type ‘byte_t [9] {aka ubyte_t [9]}’
                 cpy[((int*)&((*out).e.var) - (int*)&(*out))] = 0;
                                       ^
train-gate.7.dve.cpp:2102:27: error: request for member ‘var’ in ‘out->state_struct_t::e’, which is of non-class type ‘byte_t [9] {aka ubyte_t [9]}’
                 ((*out).e.var = 3);
                           ^
train-gate.7.dve.cpp:2103:39: error: request for member ‘var’ in ‘out->state_struct_t::e’, which is of non-class type ‘byte_t [9] {aka ubyte_t [9]}’
                 cpy[((int*)&((*out).e.var) - (int*)&(*out))] = 0;
                                       ^
train-gate.7.dve.cpp:2127:27: error: request for member ‘var’ in ‘out->state_struct_t::e’, which is of non-class type ‘byte_t [9] {aka ubyte_t [9]}’
                 ((*out).e.var = 4);
                           ^
train-gate.7.dve.cpp:2128:39: error: request for member ‘var’ in ‘out->state_struct_t::e’, which is of non-class type ‘byte_t [9] {aka ubyte_t [9]}’
                 cpy[((int*)&((*out).e.var) - (int*)&(*out))] = 0;
                                       ^
train-gate.7.dve.cpp:2152:27: error: request for member ‘var’ in ‘out->state_struct_t::e’, which is of non-class type ‘byte_t [9] {aka ubyte_t [9]}’
                 ((*out).e.var = 5);
                           ^
train-gate.7.dve.cpp:2153:39: error: request for member ‘var’ in ‘out->state_struct_t::e’, which is of non-class type ‘byte_t [9] {aka ubyte_t [9]}’
                 cpy[((int*)&((*out).e.var) - (int*)&(*out))] = 0;
                                       ^
train-gate.7.dve.cpp:2177:27: error: request for member ‘var’ in ‘out->state_struct_t::e’, which is of non-class type ‘byte_t [9] {aka ubyte_t [9]}’
                 ((*out).e.var = 6);
                           ^
train-gate.7.dve.cpp:2178:39: error: request for member ‘var’ in ‘out->state_struct_t::e’, which is of non-class type ‘byte_t [9] {aka ubyte_t [9]}’
                 cpy[((int*)&((*out).e.var) - (int*)&(*out))] = 0;
                                       ^
train-gate.7.dve.cpp:2202:27: error: request for member ‘var’ in ‘out->state_struct_t::e’, which is of non-class type ‘byte_t [9] {aka ubyte_t [9]}’
                 ((*out).e.var = 7);
                           ^
train-gate.7.dve.cpp:2203:39: error: request for member ‘var’ in ‘out->state_struct_t::e’, which is of non-class type ‘byte_t [9] {aka ubyte_t [9]}’
                 cpy[((int*)&((*out).e.var) - (int*)&(*out))] = 0;
                                       ^
train-gate.7.dve.cpp:2227:27: error: request for member ‘var’ in ‘out->state_struct_t::e’, which is of non-class type ‘byte_t [9] {aka ubyte_t [9]}’
                 ((*out).e.var = 8);
                           ^
train-gate.7.dve.cpp:2228:39: error: request for member ‘var’ in ‘out->state_struct_t::e’, which is of non-class type ‘byte_t [9] {aka ubyte_t [9]}’
                 cpy[((int*)&((*out).e.var) - (int*)&(*out))] = 0;
                                       ^
train-gate.7.dve.cpp:2255:27: error: request for member ‘var’ in ‘out->state_struct_t::e’, which is of non-class type ‘byte_t [9] {aka ubyte_t [9]}’
                 ((*out).e.var = 1);
                           ^
train-gate.7.dve.cpp:2256:39: error: request for member ‘var’ in ‘out->state_struct_t::e’, which is of non-class type ‘byte_t [9] {aka ubyte_t [9]}’
                 cpy[((int*)&((*out).e.var) - (int*)&(*out))] = 0;
                                       ^
train-gate.7.dve.cpp:2280:27: error: request for member ‘var’ in ‘out->state_struct_t::e’, which is of non-class type ‘byte_t [9] {aka ubyte_t [9]}’
                 ((*out).e.var = 2);
                           ^
train-gate.7.dve.cpp:2281:39: error: request for member ‘var’ in ‘out->state_struct_t::e’, which is of non-class type ‘byte_t [9] {aka ubyte_t [9]}’
                 cpy[((int*)&((*out).e.var) - (int*)&(*out))] = 0;
                                       ^
train-gate.7.dve.cpp:2305:27: error: request for member ‘var’ in ‘out->state_struct_t::e’, which is of non-class type ‘byte_t [9] {aka ubyte_t [9]}’
                 ((*out).e.var = 3);
                           ^
train-gate.7.dve.cpp:2306:39: error: request for member ‘var’ in ‘out->state_struct_t::e’, which is of non-class type ‘byte_t [9] {aka ubyte_t [9]}’
                 cpy[((int*)&((*out).e.var) - (int*)&(*out))] = 0;
                                       ^
train-gate.7.dve.cpp:2330:27: error: request for member ‘var’ in ‘out->state_struct_t::e’, which is of non-class type ‘byte_t [9] {aka ubyte_t [9]}’
                 ((*out).e.var = 4);
                           ^
train-gate.7.dve.cpp:2331:39: error: request for member ‘var’ in ‘out->state_struct_t::e’, which is of non-class type ‘byte_t [9] {aka ubyte_t [9]}’
                 cpy[((int*)&((*out).e.var) - (int*)&(*out))] = 0;
                                       ^
train-gate.7.dve.cpp:2355:27: error: request for member ‘var’ in ‘out->state_struct_t::e’, which is of non-class type ‘byte_t [9] {aka ubyte_t [9]}’
                 ((*out).e.var = 5);
                           ^
train-gate.7.dve.cpp:2356:39: error: request for member ‘var’ in ‘out->state_struct_t::e’, which is of non-class type ‘byte_t [9] {aka ubyte_t [9]}’
                 cpy[((int*)&((*out).e.var) - (int*)&(*out))] = 0;
                                       ^
train-gate.7.dve.cpp:2380:27: error: request for member ‘var’ in ‘out->state_struct_t::e’, which is of non-class type ‘byte_t [9] {aka ubyte_t [9]}’
                 ((*out).e.var = 6);
                           ^
train-gate.7.dve.cpp:2381:39: error: request for member ‘var’ in ‘out->state_struct_t::e’, which is of non-class type ‘byte_t [9] {aka ubyte_t [9]}’
                 cpy[((int*)&((*out).e.var) - (int*)&(*out))] = 0;
                                       ^
train-gate.7.dve.cpp:2405:27: error: request for member ‘var’ in ‘out->state_struct_t::e’, which is of non-class type ‘byte_t [9] {aka ubyte_t [9]}’
                 ((*out).e.var = 7);
                           ^
train-gate.7.dve.cpp:2406:39: error: request for member ‘var’ in ‘out->state_struct_t::e’, which is of non-class type ‘byte_t [9] {aka ubyte_t [9]}’
                 cpy[((int*)&((*out).e.var) - (int*)&(*out))] = 0;
                                       ^
train-gate.7.dve.cpp:2430:27: error: request for member ‘var’ in ‘out->state_struct_t::e’, which is of non-class type ‘byte_t [9] {aka ubyte_t [9]}’
                 ((*out).e.var = 8);
                           ^
train-gate.7.dve.cpp:2431:39: error: request for member ‘var’ in ‘out->state_struct_t::e’, which is of non-class type ‘byte_t [9] {aka ubyte_t [9]}’
                 cpy[((int*)&((*out).e.var) - (int*)&(*out))] = 0;
                                       ^
train-gate.7.dve.cpp:2455:27: error: request for member ‘var’ in ‘out->state_struct_t::e’, which is of non-class type ‘byte_t [9] {aka ubyte_t [9]}’
                 ((*out).e.var = 1);
                           ^
train-gate.7.dve.cpp:2456:39: error: request for member ‘var’ in ‘out->state_struct_t::e’, which is of non-class type ‘byte_t [9] {aka ubyte_t [9]}’
                 cpy[((int*)&((*out).e.var) - (int*)&(*out))] = 0;
                                       ^
train-gate.7.dve.cpp:2480:27: error: request for member ‘var’ in ‘out->state_struct_t::e’, which is of non-class type ‘byte_t [9] {aka ubyte_t [9]}’
                 ((*out).e.var = 2);
                           ^
train-gate.7.dve.cpp:2481:39: error: request for member ‘var’ in ‘out->state_struct_t::e’, which is of non-class type ‘byte_t [9] {aka ubyte_t [9]}’
                 cpy[((int*)&((*out).e.var) - (int*)&(*out))] = 0;
                                       ^
train-gate.7.dve.cpp:2505:27: error: request for member ‘var’ in ‘out->state_struct_t::e’, which is of non-class type ‘byte_t [9] {aka ubyte_t [9]}’
                 ((*out).e.var = 3);
                           ^
train-gate.7.dve.cpp:2506:39: error: request for member ‘var’ in ‘out->state_struct_t::e’, which is of non-class type ‘byte_t [9] {aka ubyte_t [9]}’
                 cpy[((int*)&((*out).e.var) - (int*)&(*out))] = 0;
                                       ^
train-gate.7.dve.cpp:2530:27: error: request for member ‘var’ in ‘out->state_struct_t::e’, which is of non-class type ‘byte_t [9] {aka ubyte_t [9]}’
                 ((*out).e.var = 4);
                           ^
train-gate.7.dve.cpp:2531:39: error: request for member ‘var’ in ‘out->state_struct_t::e’, which is of non-class type ‘byte_t [9] {aka ubyte_t [9]}’
                 cpy[((int*)&((*out).e.var) - (int*)&(*out))] = 0;
                                       ^
train-gate.7.dve.cpp:2555:27: error: request for member ‘var’ in ‘out->state_struct_t::e’, which is of non-class type ‘byte_t [9] {aka ubyte_t [9]}’
                 ((*out).e.var = 5);
                           ^
train-gate.7.dve.cpp:2556:39: error: request for member ‘var’ in ‘out->state_struct_t::e’, which is of non-class type ‘byte_t [9] {aka ubyte_t [9]}’
                 cpy[((int*)&((*out).e.var) - (int*)&(*out))] = 0;
                                       ^
train-gate.7.dve.cpp:2580:27: error: request for member ‘var’ in ‘out->state_struct_t::e’, which is of non-class type ‘byte_t [9] {aka ubyte_t [9]}’
                 ((*out).e.var = 6);
                           ^
train-gate.7.dve.cpp:2581:39: error: request for member ‘var’ in ‘out->state_struct_t::e’, which is of non-class type ‘byte_t [9] {aka ubyte_t [9]}’
                 cpy[((int*)&((*out).e.var) - (int*)&(*out))] = 0;
                                       ^
train-gate.7.dve.cpp:2605:27: error: request for member ‘var’ in ‘out->state_struct_t::e’, which is of non-class type ‘byte_t [9] {aka ubyte_t [9]}’
                 ((*out).e.var = 7);
                           ^
train-gate.7.dve.cpp:2606:39: error: request for member ‘var’ in ‘out->state_struct_t::e’, which is of non-class type ‘byte_t [9] {aka ubyte_t [9]}’
                 cpy[((int*)&((*out).e.var) - (int*)&(*out))] = 0;
                                       ^
train-gate.7.dve.cpp:2630:27: error: request for member ‘var’ in ‘out->state_struct_t::e’, which is of non-class type ‘byte_t [9] {aka ubyte_t [9]}’
                 ((*out).e.var = 8);
                           ^
train-gate.7.dve.cpp:2631:39: error: request for member ‘var’ in ‘out->state_struct_t::e’, which is of non-class type ‘byte_t [9] {aka ubyte_t [9]}’
                 cpy[((int*)&((*out).e.var) - (int*)&(*out))] = 0;
                                       ^
train-gate.7.dve.cpp:2697:79: error: request for member ‘var’ in ‘out->state_struct_t::e’, which is of non-class type ‘byte_t [9] {aka ubyte_t [9]}’
                 ((*out).IntQueue.list[(*out).IntQueue.len.var].var = (*out).e.var);
                                                                               ^
train-gate.7.dve.cpp:2720:79: error: request for member ‘var’ in ‘out->state_struct_t::e’, which is of non-class type ‘byte_t [9] {aka ubyte_t [9]}’
                 ((*out).IntQueue.list[(*out).IntQueue.len.var].var = (*out).e.var);
                                                                               ^
train-gate.7.dve.cpp:2743:27: error: request for member ‘var’ in ‘out->state_struct_t::e’, which is of non-class type ‘byte_t [9] {aka ubyte_t [9]}’
                 ((*out).e.var = (*out).IntQueue.list[0].var);
                           ^
train-gate.7.dve.cpp:2744:39: error: request for member ‘var’ in ‘out->state_struct_t::e’, which is of non-class type ‘byte_t [9] {aka ubyte_t [9]}’
                 cpy[((int*)&((*out).e.var) - (int*)&(*out))] = 0;
                                       ^
train-gate.7.dve.cpp:2806:30: error: request for member ‘var’ in ‘in->state_struct_t::e’, which is of non-class type ‘const byte_t [9] {aka const ubyte_t [9]}’
             if (  ( ((*in).e.var == 1) )  &&  ( ((*in).Gate.state.var == 8) ) )
                              ^
train-gate.7.dve.cpp:2853:51: error: request for member ‘var’ in ‘in->state_struct_t::e’, which is of non-class type ‘const byte_t [9] {aka const ubyte_t [9]}’
             if (  ( ((*in).x.var <= 10 && (*in).e.var == 1) )  &&  ( ((*in).Gate.state.var == 5) ) )
                                                   ^
train-gate.7.dve.cpp:2903:30: error: request for member ‘var’ in ‘in->state_struct_t::e’, which is of non-class type ‘const byte_t [9] {aka const ubyte_t [9]}’
             if (  ( ((*in).e.var == 2) )  &&  ( ((*in).Gate.state.var == 8) ) )
                              ^
train-gate.7.dve.cpp:2950:51: error: request for member ‘var’ in ‘in->state_struct_t::e’, which is of non-class type ‘const byte_t [9] {aka const ubyte_t [9]}’
             if (  ( ((*in).x.var <= 10 && (*in).e.var == 2) )  &&  ( ((*in).Gate.state.var == 5) ) )
                                                   ^
train-gate.7.dve.cpp:3000:30: error: request for member ‘var’ in ‘in->state_struct_t::e’, which is of non-class type ‘const byte_t [9] {aka const ubyte_t [9]}’
             if (  ( ((*in).e.var == 3) )  &&  ( ((*in).Gate.state.var == 8) ) )
                              ^
train-gate.7.dve.cpp:3047:51: error: request for member ‘var’ in ‘in->state_struct_t::e’, which is of non-class type ‘const byte_t [9] {aka const ubyte_t [9]}’
             if (  ( ((*in).x.var <= 10 && (*in).e.var == 3) )  &&  ( ((*in).Gate.state.var == 5) ) )
                                                   ^
train-gate.7.dve.cpp:3097:30: error: request for member ‘var’ in ‘in->state_struct_t::e’, which is of non-class type ‘const byte_t [9] {aka const ubyte_t [9]}’
             if (  ( ((*in).e.var == 4) )  &&  ( ((*in).Gate.state.var == 8) ) )
                              ^
train-gate.7.dve.cpp:3144:51: error: request for member ‘var’ in ‘in->state_struct_t::e’, which is of non-class type ‘const byte_t [9] {aka const ubyte_t [9]}’
             if (  ( ((*in).x.var <= 10 && (*in).e.var == 4) )  &&  ( ((*in).Gate.state.var == 5) ) )
                                                   ^
train-gate.7.dve.cpp:3194:30: error: request for member ‘var’ in ‘in->state_struct_t::e’, which is of non-class type ‘const byte_t [9] {aka const ubyte_t [9]}’
             if (  ( ((*in).e.var == 5) )  &&  ( ((*in).Gate.state.var == 8) ) )
                              ^
train-gate.7.dve.cpp:3241:51: error: request for member ‘var’ in ‘in->state_struct_t::e’, which is of non-class type ‘const byte_t [9] {aka const ubyte_t [9]}’
             if (  ( ((*in).x.var <= 10 && (*in).e.var == 5) )  &&  ( ((*in).Gate.state.var == 5) ) )
                                                   ^
train-gate.7.dve.cpp:3291:30: error: request for member ‘var’ in ‘in->state_struct_t::e’, which is of non-class type ‘const byte_t [9] {aka const ubyte_t [9]}’
             if (  ( ((*in).e.var == 6) )  &&  ( ((*in).Gate.state.var == 8) ) )
                              ^
train-gate.7.dve.cpp:3338:51: error: request for member ‘var’ in ‘in->state_struct_t::e’, which is of non-class type ‘const byte_t [9] {aka const ubyte_t [9]}’
             if (  ( ((*in).x.var <= 10 && (*in).e.var == 6) )  &&  ( ((*in).Gate.state.var == 5) ) )
                                                   ^
train-gate.7.dve.cpp:3388:30: error: request for member ‘var’ in ‘in->state_struct_t::e’, which is of non-class type ‘const byte_t [9] {aka const ubyte_t [9]}’
             if (  ( ((*in).e.var == 7) )  &&  ( ((*in).Gate.state.var == 8) ) )
                              ^
train-gate.7.dve.cpp:3435:51: error: request for member ‘var’ in ‘in->state_struct_t::e’, which is of non-class type ‘const byte_t [9] {aka const ubyte_t [9]}’
             if (  ( ((*in).x.var <= 10 && (*in).e.var == 7) )  &&  ( ((*in).Gate.state.var == 5) ) )
                                                   ^
train-gate.7.dve.cpp:3485:30: error: request for member ‘var’ in ‘in->state_struct_t::e’, which is of non-class type ‘const byte_t [9] {aka const ubyte_t [9]}’
             if (  ( ((*in).e.var == 8) )  &&  ( ((*in).Gate.state.var == 8) ) )
                              ^
train-gate.7.dve.cpp:3532:51: error: request for member ‘var’ in ‘in->state_struct_t::e’, which is of non-class type ‘const byte_t [9] {aka const ubyte_t [9]}’
             if (  ( ((*in).x.var <= 10 && (*in).e.var == 8) )  &&  ( ((*in).Gate.state.var == 5) ) )
                                                   ^
train-gate.7.dve.cpp: In function ‘int get_guard(void*, int, state_struct_t*)’:
train-gate.7.dve.cpp:4252:40: error: request for member ‘var’ in ‘src->state_struct_t::e’, which is of non-class type ‘byte_t [9] {aka ubyte_t [9]}’
             case 41: return (((*src).e.var == 1));
                                        ^
train-gate.7.dve.cpp:4261:40: error: request for member ‘var’ in ‘src->state_struct_t::e’, which is of non-class type ‘byte_t [9] {aka ubyte_t [9]}’
             case 50: return (((*src).e.var == 2));
                                        ^
train-gate.7.dve.cpp:4265:40: error: request for member ‘var’ in ‘src->state_struct_t::e’, which is of non-class type ‘byte_t [9] {aka ubyte_t [9]}’
             case 54: return (((*src).e.var == 3));
                                        ^
train-gate.7.dve.cpp:4269:40: error: request for member ‘var’ in ‘src->state_struct_t::e’, which is of non-class type ‘byte_t [9] {aka ubyte_t [9]}’
             case 58: return (((*src).e.var == 4));
                                        ^
train-gate.7.dve.cpp:4273:40: error: request for member ‘var’ in ‘src->state_struct_t::e’, which is of non-class type ‘byte_t [9] {aka ubyte_t [9]}’
             case 62: return (((*src).e.var == 5));
                                        ^
train-gate.7.dve.cpp:4277:40: error: request for member ‘var’ in ‘src->state_struct_t::e’, which is of non-class type ‘byte_t [9] {aka ubyte_t [9]}’
             case 66: return (((*src).e.var == 6));
                                        ^
train-gate.7.dve.cpp:4281:40: error: request for member ‘var’ in ‘src->state_struct_t::e’, which is of non-class type ‘byte_t [9] {aka ubyte_t [9]}’
             case 70: return (((*src).e.var == 7));
                                        ^
train-gate.7.dve.cpp:4285:40: error: request for member ‘var’ in ‘src->state_struct_t::e’, which is of non-class type ‘byte_t [9] {aka ubyte_t [9]}’
             case 74: return (((*src).e.var == 8));
                                        ^
Error running external command: g++ -O2 -shared -fPIC  -o train-gate.7.dve2C train-gate.7.dve.cpp
dve2lts-sym, 0.277, file ../pins-lib/dve-pins.c, line 200: assertion "ret == 0" failed: Command failed with exit code 256: divine compile --ltsmin '/home/oortwijn/repos/sylvan-tacas2015/models/train-gate.7.dve'
Please install the patched DiVinE 2.4 version from the LTSmin website:
http://fmt.cs.utwente.nl/tools/ltsmin/#divine
